[0.013s] Invoking command in '/home/nisharu/ros2_ws/build/adaptive_gripper_description': CMAKE_PREFIX_PATH=${CMAKE_PREFIX_PATH}:/opt/ros/humble /usr/bin/cmake /home/nisharu/ros2_ws/src/adaptive_gripper_description -DCMAKE_INSTALL_PREFIX=/home/nisharu/ros2_ws/install/adaptive_gripper_description
[0.122s] -- The C compiler identification is GNU 11.4.0
[0.208s] -- The CXX compiler identification is GNU 11.4.0
[0.219s] -- Detecting C compiler ABI info
[0.323s] -- Detecting C compiler ABI info - done
[0.330s] -- Check for working C compiler: /usr/bin/cc - skipped
[0.330s] -- Detecting C compile features
[0.330s] -- Detecting C compile features - done
[0.335s] -- Detecting CXX compiler ABI info
[0.449s] -- Detecting CXX compiler ABI info - done
[0.455s] -- Check for working CXX compiler: /usr/bin/c++ - skipped
[0.455s] -- Detecting CXX compile features
[0.456s] -- Detecting CXX compile features - done
[0.470s] -- Found ament_cmake: 1.3.12 (/opt/ros/humble/share/ament_cmake/cmake)
[0.652s] -- Found Python3: /usr/bin/python3 (found version "3.10.12") found components: Interpreter 
[0.847s] -- Configuring done
[0.850s] -- Generating done
[0.852s] -- Build files have been written to: /home/nisharu/ros2_ws/build/adaptive_gripper_description
[0.859s] Invoked command in '/home/nisharu/ros2_ws/build/adaptive_gripper_description' returned '0': CMAKE_PREFIX_PATH=${CMAKE_PREFIX_PATH}:/opt/ros/humble /usr/bin/cmake /home/nisharu/ros2_ws/src/adaptive_gripper_description -DCMAKE_INSTALL_PREFIX=/home/nisharu/ros2_ws/install/adaptive_gripper_description
[0.860s] Invoking command in '/home/nisharu/ros2_ws/build/adaptive_gripper_description': CMAKE_PREFIX_PATH=${CMAKE_PREFIX_PATH}:/opt/ros/humble /usr/bin/cmake --build /home/nisharu/ros2_ws/build/adaptive_gripper_description -- -j12 -l12
[0.906s] Invoked command in '/home/nisharu/ros2_ws/build/adaptive_gripper_description' returned '0': CMAKE_PREFIX_PATH=${CMAKE_PREFIX_PATH}:/opt/ros/humble /usr/bin/cmake --build /home/nisharu/ros2_ws/build/adaptive_gripper_description -- -j12 -l12
[0.917s] Invoking command in '/home/nisharu/ros2_ws/build/adaptive_gripper_description': CMAKE_PREFIX_PATH=${CMAKE_PREFIX_PATH}:/opt/ros/humble /usr/bin/cmake --install /home/nisharu/ros2_ws/build/adaptive_gripper_description
[0.927s] -- Install configuration: ""
[0.927s] -- Installing: /home/nisharu/ros2_ws/install/adaptive_gripper_description/share/adaptive_gripper_description/config
[0.927s] -- Installing: /home/nisharu/ros2_ws/install/adaptive_gripper_description/share/adaptive_gripper_description/config/joint_limits.yaml
[0.927s] -- Installing: /home/nisharu/ros2_ws/install/adaptive_gripper_description/share/adaptive_gripper_description/launch
[0.927s] -- Installing: /home/nisharu/ros2_ws/install/adaptive_gripper_description/share/adaptive_gripper_description/launch/display.launch.py
[0.927s] -- Installing: /home/nisharu/ros2_ws/install/adaptive_gripper_description/share/adaptive_gripper_description/meshes
[0.927s] -- Installing: /home/nisharu/ros2_ws/install/adaptive_gripper_description/share/adaptive_gripper_description/meshes/collision
[0.927s] -- Installing: /home/nisharu/ros2_ws/install/adaptive_gripper_description/share/adaptive_gripper_description/meshes/collision/.gitkeep
[0.927s] -- Installing: /home/nisharu/ros2_ws/install/adaptive_gripper_description/share/adaptive_gripper_description/meshes/visual
[0.927s] -- Installing: /home/nisharu/ros2_ws/install/adaptive_gripper_description/share/adaptive_gripper_description/meshes/visual/.gitkeep
[0.927s] -- Installing: /home/nisharu/ros2_ws/install/adaptive_gripper_description/share/adaptive_gripper_description/urdf
[0.927s] -- Installing: /home/nisharu/ros2_ws/install/adaptive_gripper_description/share/adaptive_gripper_description/urdf/adaptive_gripper_arm.urdf
[0.928s] -- Installing: /home/nisharu/ros2_ws/install/adaptive_gripper_description/share/ament_index/resource_index/package_run_dependencies/adaptive_gripper_description
[0.928s] -- Installing: /home/nisharu/ros2_ws/install/adaptive_gripper_description/share/ament_index/resource_index/parent_prefix_path/adaptive_gripper_description
[0.928s] -- Installing: /home/nisharu/ros2_ws/install/adaptive_gripper_description/share/adaptive_gripper_description/environment/ament_prefix_path.sh
[0.928s] -- Installing: /home/nisharu/ros2_ws/install/adaptive_gripper_description/share/adaptive_gripper_description/environment/ament_prefix_path.dsv
[0.928s] -- Installing: /home/nisharu/ros2_ws/install/adaptive_gripper_description/share/adaptive_gripper_description/environment/path.sh
[0.928s] -- Installing: /home/nisharu/ros2_ws/install/adaptive_gripper_description/share/adaptive_gripper_description/environment/path.dsv
[0.928s] -- Installing: /home/nisharu/ros2_ws/install/adaptive_gripper_description/share/adaptive_gripper_description/local_setup.bash
[0.929s] -- Installing: /home/nisharu/ros2_ws/install/adaptive_gripper_description/share/adaptive_gripper_description/local_setup.sh
[0.929s] -- Installing: /home/nisharu/ros2_ws/install/adaptive_gripper_description/share/adaptive_gripper_description/local_setup.zsh
[0.929s] -- Installing: /home/nisharu/ros2_ws/install/adaptive_gripper_description/share/adaptive_gripper_description/local_setup.dsv
[0.929s] -- Installing: /home/nisharu/ros2_ws/install/adaptive_gripper_description/share/adaptive_gripper_description/package.dsv
[0.929s] -- Installing: /home/nisharu/ros2_ws/install/adaptive_gripper_description/share/ament_index/resource_index/packages/adaptive_gripper_description
[0.930s] -- Installing: /home/nisharu/ros2_ws/install/adaptive_gripper_description/share/adaptive_gripper_description/cmake/adaptive_gripper_descriptionConfig.cmake
[0.930s] -- Installing: /home/nisharu/ros2_ws/install/adaptive_gripper_description/share/adaptive_gripper_description/cmake/adaptive_gripper_descriptionConfig-version.cmake
[0.930s] -- Installing: /home/nisharu/ros2_ws/install/adaptive_gripper_description/share/adaptive_gripper_description/package.xml
[0.932s] Invoked command in '/home/nisharu/ros2_ws/build/adaptive_gripper_description' returned '0': CMAKE_PREFIX_PATH=${CMAKE_PREFIX_PATH}:/opt/ros/humble /usr/bin/cmake --install /home/nisharu/ros2_ws/build/adaptive_gripper_description
