-- Found ament_cmake: 1.3.12 (/opt/ros/humble/share/ament_cmake/cmake)
-- Configuring done
-- Generating done
-- Build files have been written to: /home/nisharu/ros2_ws/build/robotic_description
-- Install configuration: "Release"
-- Up-to-date: /home/nisharu/ros2_ws/install/robotic_description/share/robotic_description/launch
-- Up-to-date: /home/nisharu/ros2_ws/install/robotic_description/share/robotic_description/launch/gazebo.launch.py
-- Installing: /home/nisharu/ros2_ws/install/robotic_description/share/robotic_description/launch/sim_control.launch.py
-- Up-to-date: /home/nisharu/ros2_ws/install/robotic_description/share/robotic_description/launch/__pycache__
-- Installing: /home/nisharu/ros2_ws/install/robotic_description/share/robotic_description/launch/__pycache__/gazebo.launch.cpython-310.pyc
-- Installing: /home/nisharu/ros2_ws/install/robotic_description/share/robotic_description/launch/__pycache__/sim_control.launch.cpython-310.pyc
-- Up-to-date: /home/nisharu/ros2_ws/install/robotic_description/share/robotic_description/launch/__pycache__/display.launch.cpython-310.pyc
-- Up-to-date: /home/nisharu/ros2_ws/install/robotic_description/share/robotic_description/launch/display.launch.py
-- Up-to-date: /home/nisharu/ros2_ws/install/robotic_description/share/robotic_description/urdf
-- Up-to-date: /home/nisharu/ros2_ws/install/robotic_description/share/robotic_description/urdf/Robotic.gazebo
-- Up-to-date: /home/nisharu/ros2_ws/install/robotic_description/share/robotic_description/urdf/Robotic.xacro
-- Up-to-date: /home/nisharu/ros2_ws/install/robotic_description/share/robotic_description/urdf/Robotic.trans
-- Installing: /home/nisharu/ros2_ws/install/robotic_description/share/robotic_description/urdf/adaptive_gripper_arm.urdf
-- Up-to-date: /home/nisharu/ros2_ws/install/robotic_description/share/robotic_description/urdf/robotic_arm.urdf
-- Up-to-date: /home/nisharu/ros2_ws/install/robotic_description/share/robotic_description/urdf/materials.xacro
-- Up-to-date: /home/nisharu/ros2_ws/install/robotic_description/share/robotic_description/config
-- Installing: /home/nisharu/ros2_ws/install/robotic_description/share/robotic_description/config/controllers.yaml
-- Up-to-date: /home/nisharu/ros2_ws/install/robotic_description/share/robotic_description/meshes
-- Up-to-date: /home/nisharu/ros2_ws/install/robotic_description/share/robotic_description/meshes/arm_complete.stl
-- Up-to-date: /home/nisharu/ros2_ws/install/robotic_description/share/robotic_description/meshes/Motor_Micro_9g_1_1_1 (1).stl
-- Up-to-date: /home/nisharu/ros2_ws/install/robotic_description/share/robotic_description/meshes/Servo Motor MG996R.stl
-- Up-to-date: /home/nisharu/ros2_ws/install/robotic_description/share/robotic_description/meshes/wrist_link.stl
-- Up-to-date: /home/nisharu/ros2_ws/install/robotic_description/share/robotic_description/meshes/base_link.stl
-- Up-to-date: /home/nisharu/ros2_ws/install/robotic_description/share/robotic_description/meshes/Motor_Micro_9g_1 (3).stl
-- Up-to-date: /home/nisharu/ros2_ws/install/robotic_description/share/robotic_description/meshes/shoulder_link.stl
-- Up-to-date: /home/nisharu/ros2_ws/install/robotic_description/share/robotic_description/meshes/upper_arm_link.stl
-- Up-to-date: /home/nisharu/ros2_ws/install/robotic_description/share/robotic_description/meshes/Motor_Micro_9g_1__2__1.stl
-- Up-to-date: /home/nisharu/ros2_ws/install/robotic_description/share/robotic_description/meshes/gripper_link.stl
-- Up-to-date: /home/nisharu/ros2_ws/install/robotic_description/share/robotic_description/meshes/Motor_Micro_9g_1_1__1__1.stl
-- Up-to-date: /home/nisharu/ros2_ws/install/robotic_description/share/robotic_description/meshes/grip link 1_r1.stl
-- Up-to-date: /home/nisharu/ros2_ws/install/robotic_description/share/robotic_description/meshes/Motor_Micro_9g_1_1_1_1.stl
-- Up-to-date: /home/nisharu/ros2_ws/install/robotic_description/share/robotic_description/meshes/gear1_r1.stl
-- Up-to-date: /home/nisharu/ros2_ws/install/robotic_description/share/robotic_description/meshes/Motor_Micro_9g_1__1__1 (1).stl
-- Up-to-date: /home/nisharu/ros2_ws/install/robotic_description/share/robotic_description/meshes/Servo Motor Micro  9g.stl
-- Up-to-date: /home/nisharu/ros2_ws/install/robotic_description/share/robotic_description/meshes/Motor_Micro_9g_1__1__1_1.stl
-- Up-to-date: /home/nisharu/ros2_ws/install/robotic_description/share/robotic_description/meshes/Motor_Micro_9g_1_1 (2).stl
-- Up-to-date: /home/nisharu/ros2_ws/install/robotic_description/share/robotic_description/meshes/gripper_assembly.stl
-- Up-to-date: /home/nisharu/ros2_ws/install/robotic_description/share/robotic_description/meshes/forearm_link.stl
-- Up-to-date: /home/nisharu/ros2_ws/install/robotic_description/share/robotic_description/meshes/gripper_base.stl
-- Up-to-date: /home/nisharu/ros2_ws/install/robotic_description/share/robotic_description/meshes/Motor Micro 9g.stl
-- Up-to-date: /home/nisharu/ros2_ws/install/robotic_description/share/robotic_description/meshes/gear2_r1.stl
-- Installing: /home/nisharu/ros2_ws/install/robotic_description/lib/robotic_description/arm_mover.py
-- Installing: /home/nisharu/ros2_ws/install/robotic_description/share/ament_index/resource_index/package_run_dependencies/robotic_description
-- Installing: /home/nisharu/ros2_ws/install/robotic_description/share/ament_index/resource_index/parent_prefix_path/robotic_description
-- Up-to-date: /home/nisharu/ros2_ws/install/robotic_description/share/robotic_description/environment/ament_prefix_path.sh
-- Installing: /home/nisharu/ros2_ws/install/robotic_description/share/robotic_description/environment/ament_prefix_path.dsv
-- Up-to-date: /home/nisharu/ros2_ws/install/robotic_description/share/robotic_description/environment/path.sh
-- Installing: /home/nisharu/ros2_ws/install/robotic_description/share/robotic_description/environment/path.dsv
-- Up-to-date: /home/nisharu/ros2_ws/install/robotic_description/share/robotic_description/local_setup.bash
-- Up-to-date: /home/nisharu/ros2_ws/install/robotic_description/share/robotic_description/local_setup.sh
-- Up-to-date: /home/nisharu/ros2_ws/install/robotic_description/share/robotic_description/local_setup.zsh
-- Installing: /home/nisharu/ros2_ws/install/robotic_description/share/robotic_description/local_setup.dsv
-- Installing: /home/nisharu/ros2_ws/install/robotic_description/share/robotic_description/package.dsv
-- Up-to-date: /home/nisharu/ros2_ws/install/robotic_description/share/ament_index/resource_index/packages/robotic_description
-- Up-to-date: /home/nisharu/ros2_ws/install/robotic_description/share/robotic_description/cmake/robotic_descriptionConfig.cmake
-- Up-to-date: /home/nisharu/ros2_ws/install/robotic_description/share/robotic_description/cmake/robotic_descriptionConfig-version.cmake
-- Installing: /home/nisharu/ros2_ws/install/robotic_description/share/robotic_description/package.xml
