[0.106s] DEBUG:colcon:Command line arguments: ['/usr/bin/colcon', 'build']
[0.106s] DEBUG:colcon:Parsed command line arguments: Namespace(log_base=None, log_level=None, verb_name='build', build_base='build', install_base='install', merge_install=False, symlink_install=False, test_result_base=None, continue_on_error=False, executor='parallel', parallel_workers=12, event_handlers=None, ignore_user_meta=False, metas=['./colcon.meta'], base_paths=['.'], packages_ignore=None, packages_ignore_regex=None, paths=None, packages_up_to=None, packages_up_to_regex=None, packages_above=None, packages_above_and_dependencies=None, packages_above_depth=None, packages_select_by_dep=None, packages_skip_by_dep=None, packages_skip_up_to=None, packages_select_build_failed=False, packages_skip_build_finished=False, packages_select_test_failures=False, packages_skip_test_passed=False, packages_select=None, packages_skip=None, packages_select_regex=None, packages_skip_regex=None, packages_start=None, packages_end=None, allow_overriding=[], cmake_args=None, cmake_target=None, cmake_target_skip_unavailable=False, cmake_clean_cache=False, cmake_clean_first=False, cmake_force_configure=False, ament_cmake_args=None, catkin_cmake_args=None, catkin_skip_building_tests=False, verb_parser=<colcon_defaults.argument_parser.defaults.DefaultArgumentsDecorator object at 0x7d20bf02fca0>, verb_extension=<colcon_core.verb.build.BuildVerb object at 0x7d20bf02f7c0>, main=<bound method BuildVerb.main of <colcon_core.verb.build.BuildVerb object at 0x7d20bf02f7c0>>)
[0.231s] Level 1:colcon.colcon_core.package_discovery:discover_packages(colcon_meta) check parameters
[0.232s] Level 1:colcon.colcon_core.package_discovery:discover_packages(recursive) check parameters
[0.232s] Level 1:colcon.colcon_core.package_discovery:discover_packages(ignore) check parameters
[0.232s] Level 1:colcon.colcon_core.package_discovery:discover_packages(path) check parameters
[0.232s] Level 1:colcon.colcon_core.package_discovery:discover_packages(colcon_meta) discover
[0.232s] Level 1:colcon.colcon_core.package_discovery:discover_packages(recursive) discover
[0.232s] INFO:colcon.colcon_core.package_discovery:Crawling recursively for packages in '/home/nisharu/ros2_ws'
[0.232s] Level 1:colcon.colcon_core.package_identification:_identify(.) by extensions ['ignore', 'ignore_ament_install']
[0.232s] Level 1:colcon.colcon_core.package_identification:_identify(.) by extension 'ignore'
[0.232s] Level 1:colcon.colcon_core.package_identification:_identify(.) by extension 'ignore_ament_install'
[0.232s] Level 1:colcon.colcon_core.package_identification:_identify(.) by extensions ['colcon_pkg']
[0.232s] Level 1:colcon.colcon_core.package_identification:_identify(.) by extension 'colcon_pkg'
[0.232s] Level 1:colcon.colcon_core.package_identification:_identify(.) by extensions ['colcon_meta']
[0.232s] Level 1:colcon.colcon_core.package_identification:_identify(.) by extension 'colcon_meta'
[0.232s] Level 1:colcon.colcon_core.package_identification:_identify(.) by extensions ['ros']
[0.232s] Level 1:colcon.colcon_core.package_identification:_identify(.) by extension 'ros'
[0.242s] Level 1:colcon.colcon_core.package_identification:_identify(.) by extensions ['cmake', 'python']
[0.242s] Level 1:colcon.colcon_core.package_identification:_identify(.) by extension 'cmake'
[0.242s] Level 1:colcon.colcon_core.package_identification:_identify(.) by extension 'python'
[0.242s] Level 1:colcon.colcon_core.package_identification:_identify(.) by extensions ['python_setup_py']
[0.242s] Level 1:colcon.colcon_core.package_identification:_identify(.) by extension 'python_setup_py'
[0.242s] Level 1:colcon.colcon_core.package_identification:_identify(build) by extensions ['ignore', 'ignore_ament_install']
[0.242s] Level 1:colcon.colcon_core.package_identification:_identify(build) by extension 'ignore'
[0.243s] Level 1:colcon.colcon_core.package_identification:_identify(build) ignored
[0.243s] Level 1:colcon.colcon_core.package_identification:_identify(install) by extensions ['ignore', 'ignore_ament_install']
[0.243s] Level 1:colcon.colcon_core.package_identification:_identify(install) by extension 'ignore'
[0.243s] Level 1:colcon.colcon_core.package_identification:_identify(install) ignored
[0.243s] Level 1:colcon.colcon_core.package_identification:_identify(log) by extensions ['ignore', 'ignore_ament_install']
[0.243s] Level 1:colcon.colcon_core.package_identification:_identify(log) by extension 'ignore'
[0.243s] Level 1:colcon.colcon_core.package_identification:_identify(log) ignored
[0.243s] Level 1:colcon.colcon_core.package_identification:_identify(src) by extensions ['ignore', 'ignore_ament_install']
[0.243s] Level 1:colcon.colcon_core.package_identification:_identify(src) by extension 'ignore'
[0.243s] Level 1:colcon.colcon_core.package_identification:_identify(src) by extension 'ignore_ament_install'
[0.243s] Level 1:colcon.colcon_core.package_identification:_identify(src) by extensions ['colcon_pkg']
[0.243s] Level 1:colcon.colcon_core.package_identification:_identify(src) by extension 'colcon_pkg'
[0.243s] Level 1:colcon.colcon_core.package_identification:_identify(src) by extensions ['colcon_meta']
[0.243s] Level 1:colcon.colcon_core.package_identification:_identify(src) by extension 'colcon_meta'
[0.243s] Level 1:colcon.colcon_core.package_identification:_identify(src) by extensions ['ros']
[0.243s] Level 1:colcon.colcon_core.package_identification:_identify(src) by extension 'ros'
[0.243s] Level 1:colcon.colcon_core.package_identification:_identify(src) by extensions ['cmake', 'python']
[0.243s] Level 1:colcon.colcon_core.package_identification:_identify(src) by extension 'cmake'
[0.243s] Level 1:colcon.colcon_core.package_identification:_identify(src) by extension 'python'
[0.243s] Level 1:colcon.colcon_core.package_identification:_identify(src) by extensions ['python_setup_py']
[0.243s] Level 1:colcon.colcon_core.package_identification:_identify(src) by extension 'python_setup_py'
[0.244s] Level 1:colcon.colcon_core.package_identification:_identify(src/adaptive_gripper_description) by extensions ['ignore', 'ignore_ament_install']
[0.244s] Level 1:colcon.colcon_core.package_identification:_identify(src/adaptive_gripper_description) by extension 'ignore'
[0.244s] Level 1:colcon.colcon_core.package_identification:_identify(src/adaptive_gripper_description) by extension 'ignore_ament_install'
[0.244s] Level 1:colcon.colcon_core.package_identification:_identify(src/adaptive_gripper_description) by extensions ['colcon_pkg']
[0.244s] Level 1:colcon.colcon_core.package_identification:_identify(src/adaptive_gripper_description) by extension 'colcon_pkg'
[0.244s] Level 1:colcon.colcon_core.package_identification:_identify(src/adaptive_gripper_description) by extensions ['colcon_meta']
[0.244s] Level 1:colcon.colcon_core.package_identification:_identify(src/adaptive_gripper_description) by extension 'colcon_meta'
[0.244s] Level 1:colcon.colcon_core.package_identification:_identify(src/adaptive_gripper_description) by extensions ['ros']
[0.244s] Level 1:colcon.colcon_core.package_identification:_identify(src/adaptive_gripper_description) by extension 'ros'
[0.246s] DEBUG:colcon.colcon_core.package_identification:Package 'src/adaptive_gripper_description' with type 'ros.ament_cmake' and name 'adaptive_gripper_description'
[0.246s] Level 1:colcon.colcon_core.package_identification:_identify(src/robotic_control) by extensions ['ignore', 'ignore_ament_install']
[0.246s] Level 1:colcon.colcon_core.package_identification:_identify(src/robotic_control) by extension 'ignore'
[0.246s] Level 1:colcon.colcon_core.package_identification:_identify(src/robotic_control) by extension 'ignore_ament_install'
[0.246s] Level 1:colcon.colcon_core.package_identification:_identify(src/robotic_control) by extensions ['colcon_pkg']
[0.246s] Level 1:colcon.colcon_core.package_identification:_identify(src/robotic_control) by extension 'colcon_pkg'
[0.246s] Level 1:colcon.colcon_core.package_identification:_identify(src/robotic_control) by extensions ['colcon_meta']
[0.246s] Level 1:colcon.colcon_core.package_identification:_identify(src/robotic_control) by extension 'colcon_meta'
[0.246s] Level 1:colcon.colcon_core.package_identification:_identify(src/robotic_control) by extensions ['ros']
[0.246s] Level 1:colcon.colcon_core.package_identification:_identify(src/robotic_control) by extension 'ros'
[0.247s] DEBUG:colcon.colcon_core.package_identification:Package 'src/robotic_control' with type 'ros.ament_python' and name 'robotic_control'
[0.247s] Level 1:colcon.colcon_core.package_identification:_identify(src/robotic_description) by extensions ['ignore', 'ignore_ament_install']
[0.247s] Level 1:colcon.colcon_core.package_identification:_identify(src/robotic_description) by extension 'ignore'
[0.247s] Level 1:colcon.colcon_core.package_identification:_identify(src/robotic_description) by extension 'ignore_ament_install'
[0.247s] Level 1:colcon.colcon_core.package_identification:_identify(src/robotic_description) by extensions ['colcon_pkg']
[0.247s] Level 1:colcon.colcon_core.package_identification:_identify(src/robotic_description) by extension 'colcon_pkg'
[0.247s] Level 1:colcon.colcon_core.package_identification:_identify(src/robotic_description) by extensions ['colcon_meta']
[0.247s] Level 1:colcon.colcon_core.package_identification:_identify(src/robotic_description) by extension 'colcon_meta'
[0.247s] Level 1:colcon.colcon_core.package_identification:_identify(src/robotic_description) by extensions ['ros']
[0.247s] Level 1:colcon.colcon_core.package_identification:_identify(src/robotic_description) by extension 'ros'
[0.248s] DEBUG:colcon.colcon_core.package_identification:Package 'src/robotic_description' with type 'ros.ament_cmake' and name 'robotic_description'
[0.248s] Level 1:colcon.colcon_core.package_discovery:discover_packages(recursive) using defaults
[0.248s] Level 1:colcon.colcon_core.package_discovery:discover_packages(ignore) discover
[0.248s] Level 1:colcon.colcon_core.package_discovery:discover_packages(ignore) using defaults
[0.248s] Level 1:colcon.colcon_core.package_discovery:discover_packages(path) discover
[0.248s] Level 1:colcon.colcon_core.package_discovery:discover_packages(path) using defaults
[0.266s] Level 1:colcon.colcon_core.package_discovery:discover_packages(prefix_path) check parameters
[0.266s] Level 1:colcon.colcon_core.package_discovery:discover_packages(prefix_path) discover
[0.267s] DEBUG:colcon.colcon_installed_package_information.package_discovery:Found 3 installed packages in /home/nisharu/ros2_ws/install
[0.268s] DEBUG:colcon.colcon_installed_package_information.package_discovery:Found 331 installed packages in /opt/ros/humble
[0.282s] Level 1:colcon.colcon_core.package_discovery:discover_packages(prefix_path) using defaults
[0.315s] Level 5:colcon.colcon_core.verb:set package 'adaptive_gripper_description' build argument 'cmake_args' from command line to 'None'
[0.315s] Level 5:colcon.colcon_core.verb:set package 'adaptive_gripper_description' build argument 'cmake_target' from command line to 'None'
[0.315s] Level 5:colcon.colcon_core.verb:set package 'adaptive_gripper_description' build argument 'cmake_target_skip_unavailable' from command line to 'False'
[0.315s] Level 5:colcon.colcon_core.verb:set package 'adaptive_gripper_description' build argument 'cmake_clean_cache' from command line to 'False'
[0.315s] Level 5:colcon.colcon_core.verb:set package 'adaptive_gripper_description' build argument 'cmake_clean_first' from command line to 'False'
[0.315s] Level 5:colcon.colcon_core.verb:set package 'adaptive_gripper_description' build argument 'cmake_force_configure' from command line to 'False'
[0.315s] Level 5:colcon.colcon_core.verb:set package 'adaptive_gripper_description' build argument 'ament_cmake_args' from command line to 'None'
[0.315s] Level 5:colcon.colcon_core.verb:set package 'adaptive_gripper_description' build argument 'catkin_cmake_args' from command line to 'None'
[0.315s] Level 5:colcon.colcon_core.verb:set package 'adaptive_gripper_description' build argument 'catkin_skip_building_tests' from command line to 'False'
[0.315s] DEBUG:colcon.colcon_core.verb:Building package 'adaptive_gripper_description' with the following arguments: {'ament_cmake_args': None, 'build_base': '/home/nisharu/ros2_ws/build/adaptive_gripper_description', 'catkin_cmake_args': None, 'catkin_skip_building_tests': False, 'cmake_args': None, 'cmake_clean_cache': False, 'cmake_clean_first': False, 'cmake_force_configure': False, 'cmake_target': None, 'cmake_target_skip_unavailable': False, 'install_base': '/home/nisharu/ros2_ws/install/adaptive_gripper_description', 'merge_install': False, 'path': '/home/nisharu/ros2_ws/src/adaptive_gripper_description', 'symlink_install': False, 'test_result_base': None}
[0.315s] Level 5:colcon.colcon_core.verb:set package 'robotic_control' build argument 'cmake_args' from command line to 'None'
[0.315s] Level 5:colcon.colcon_core.verb:set package 'robotic_control' build argument 'cmake_target' from command line to 'None'
[0.315s] Level 5:colcon.colcon_core.verb:set package 'robotic_control' build argument 'cmake_target_skip_unavailable' from command line to 'False'
[0.315s] Level 5:colcon.colcon_core.verb:set package 'robotic_control' build argument 'cmake_clean_cache' from command line to 'False'
[0.315s] Level 5:colcon.colcon_core.verb:set package 'robotic_control' build argument 'cmake_clean_first' from command line to 'False'
[0.315s] Level 5:colcon.colcon_core.verb:set package 'robotic_control' build argument 'cmake_force_configure' from command line to 'False'
[0.315s] Level 5:colcon.colcon_core.verb:set package 'robotic_control' build argument 'ament_cmake_args' from command line to 'None'
[0.315s] Level 5:colcon.colcon_core.verb:set package 'robotic_control' build argument 'catkin_cmake_args' from command line to 'None'
[0.315s] Level 5:colcon.colcon_core.verb:set package 'robotic_control' build argument 'catkin_skip_building_tests' from command line to 'False'
[0.315s] DEBUG:colcon.colcon_core.verb:Building package 'robotic_control' with the following arguments: {'ament_cmake_args': None, 'build_base': '/home/nisharu/ros2_ws/build/robotic_control', 'catkin_cmake_args': None, 'catkin_skip_building_tests': False, 'cmake_args': None, 'cmake_clean_cache': False, 'cmake_clean_first': False, 'cmake_force_configure': False, 'cmake_target': None, 'cmake_target_skip_unavailable': False, 'install_base': '/home/nisharu/ros2_ws/install/robotic_control', 'merge_install': False, 'path': '/home/nisharu/ros2_ws/src/robotic_control', 'symlink_install': False, 'test_result_base': None}
[0.316s] Level 5:colcon.colcon_core.verb:set package 'robotic_description' build argument 'cmake_args' from command line to 'None'
[0.316s] Level 5:colcon.colcon_core.verb:set package 'robotic_description' build argument 'cmake_target' from command line to 'None'
[0.316s] Level 5:colcon.colcon_core.verb:set package 'robotic_description' build argument 'cmake_target_skip_unavailable' from command line to 'False'
[0.316s] Level 5:colcon.colcon_core.verb:set package 'robotic_description' build argument 'cmake_clean_cache' from command line to 'False'
[0.316s] Level 5:colcon.colcon_core.verb:set package 'robotic_description' build argument 'cmake_clean_first' from command line to 'False'
[0.316s] Level 5:colcon.colcon_core.verb:set package 'robotic_description' build argument 'cmake_force_configure' from command line to 'False'
[0.316s] Level 5:colcon.colcon_core.verb:set package 'robotic_description' build argument 'ament_cmake_args' from command line to 'None'
[0.316s] Level 5:colcon.colcon_core.verb:set package 'robotic_description' build argument 'catkin_cmake_args' from command line to 'None'
[0.316s] Level 5:colcon.colcon_core.verb:set package 'robotic_description' build argument 'catkin_skip_building_tests' from command line to 'False'
[0.316s] DEBUG:colcon.colcon_core.verb:Building package 'robotic_description' with the following arguments: {'ament_cmake_args': None, 'build_base': '/home/nisharu/ros2_ws/build/robotic_description', 'catkin_cmake_args': None, 'catkin_skip_building_tests': False, 'cmake_args': None, 'cmake_clean_cache': False, 'cmake_clean_first': False, 'cmake_force_configure': False, 'cmake_target': None, 'cmake_target_skip_unavailable': False, 'install_base': '/home/nisharu/ros2_ws/install/robotic_description', 'merge_install': False, 'path': '/home/nisharu/ros2_ws/src/robotic_description', 'symlink_install': False, 'test_result_base': None}
[0.316s] INFO:colcon.colcon_core.executor:Executing jobs using 'parallel' executor
[0.317s] DEBUG:colcon.colcon_parallel_executor.executor.parallel:run_until_complete
[0.317s] INFO:colcon.colcon_ros.task.ament_cmake.build:Building ROS package in '/home/nisharu/ros2_ws/src/adaptive_gripper_description' with build type 'ament_cmake'
[0.317s] INFO:colcon.colcon_cmake.task.cmake.build:Building CMake package in '/home/nisharu/ros2_ws/src/adaptive_gripper_description'
[0.319s] INFO:colcon.colcon_core.plugin_system:Skipping extension 'colcon_core.shell.bat': Not used on non-Windows systems
[0.319s] INFO:colcon.colcon_core.shell:Skip shell extension 'powershell' for command environment: Not usable outside of PowerShell
[0.319s] DEBUG:colcon.colcon_core.shell:Skip shell extension 'dsv' for command environment
[0.322s] INFO:colcon.colcon_ros.task.ament_python.build:Building ROS package in '/home/nisharu/ros2_ws/src/robotic_control' with build type 'ament_python'
[0.322s] Level 1:colcon.colcon_core.shell:create_environment_hook('robotic_control', 'ament_prefix_path')
[0.323s] INFO:colcon.colcon_core.shell:Creating environment hook '/home/nisharu/ros2_ws/install/robotic_control/share/robotic_control/hook/ament_prefix_path.ps1'
[0.323s] INFO:colcon.colcon_core.shell:Creating environment descriptor '/home/nisharu/ros2_ws/install/robotic_control/share/robotic_control/hook/ament_prefix_path.dsv'
[0.324s] INFO:colcon.colcon_core.shell:Creating environment hook '/home/nisharu/ros2_ws/install/robotic_control/share/robotic_control/hook/ament_prefix_path.sh'
[0.324s] INFO:colcon.colcon_core.shell:Skip shell extension 'powershell' for command environment: Not usable outside of PowerShell
[0.324s] DEBUG:colcon.colcon_core.shell:Skip shell extension 'dsv' for command environment
[0.327s] INFO:colcon.colcon_ros.task.ament_cmake.build:Building ROS package in '/home/nisharu/ros2_ws/src/robotic_description' with build type 'ament_cmake'
[0.328s] INFO:colcon.colcon_cmake.task.cmake.build:Building CMake package in '/home/nisharu/ros2_ws/src/robotic_description'
[0.328s] INFO:colcon.colcon_core.shell:Skip shell extension 'powershell' for command environment: Not usable outside of PowerShell
[0.328s] DEBUG:colcon.colcon_core.shell:Skip shell extension 'dsv' for command environment
[0.336s] DEBUG:colcon.colcon_core.event_handler.log_command:Invoking command in '/home/nisharu/ros2_ws/build/adaptive_gripper_description': CMAKE_PREFIX_PATH=${CMAKE_PREFIX_PATH}:/home/nisharu/ros2_ws/install/robotic_control:/opt/ros/humble /usr/bin/cmake --build /home/nisharu/ros2_ws/build/adaptive_gripper_description -- -j12 -l12
[0.554s] INFO:colcon.colcon_core.task.python.build:Building Python package in '/home/nisharu/ros2_ws/src/robotic_control'
[0.554s] INFO:colcon.colcon_core.shell:Skip shell extension 'powershell' for command environment: Not usable outside of PowerShell
[0.554s] DEBUG:colcon.colcon_core.shell:Skip shell extension 'dsv' for command environment
[0.561s] DEBUG:colcon.colcon_core.event_handler.log_command:Invoking command in '/home/nisharu/ros2_ws/build/robotic_description': CMAKE_PREFIX_PATH=${CMAKE_PREFIX_PATH}:/home/nisharu/ros2_ws/install/robotic_control:/opt/ros/humble /usr/bin/cmake /home/nisharu/ros2_ws/src/robotic_description -DCMAKE_INSTALL_PREFIX=/home/nisharu/ros2_ws/install/robotic_description
[0.561s] DEBUG:colcon.colcon_core.event_handler.log_command:Invoked command in '/home/nisharu/ros2_ws/build/adaptive_gripper_description' returned '0': CMAKE_PREFIX_PATH=${CMAKE_PREFIX_PATH}:/home/nisharu/ros2_ws/install/robotic_control:/opt/ros/humble /usr/bin/cmake --build /home/nisharu/ros2_ws/build/adaptive_gripper_description -- -j12 -l12
[0.571s] DEBUG:colcon.colcon_core.event_handler.log_command:Invoking command in '/home/nisharu/ros2_ws/build/adaptive_gripper_description': CMAKE_PREFIX_PATH=${CMAKE_PREFIX_PATH}:/home/nisharu/ros2_ws/install/robotic_control:/opt/ros/humble /usr/bin/cmake --install /home/nisharu/ros2_ws/build/adaptive_gripper_description
[0.581s] Level 1:colcon.colcon_core.environment:create_environment_scripts_only(adaptive_gripper_description)
[0.582s] DEBUG:colcon.colcon_core.event_handler.log_command:Invoked command in '/home/nisharu/ros2_ws/build/adaptive_gripper_description' returned '0': CMAKE_PREFIX_PATH=${CMAKE_PREFIX_PATH}:/home/nisharu/ros2_ws/install/robotic_control:/opt/ros/humble /usr/bin/cmake --install /home/nisharu/ros2_ws/build/adaptive_gripper_description
[0.584s] Level 1:colcon.colcon_core.environment:checking '/home/nisharu/ros2_ws/install/adaptive_gripper_description' for CMake module files
[0.584s] Level 1:colcon.colcon_core.environment:checking '/home/nisharu/ros2_ws/install/adaptive_gripper_description' for CMake config files
[0.585s] Level 1:colcon.colcon_core.shell:create_environment_hook('adaptive_gripper_description', 'cmake_prefix_path')
[0.585s] INFO:colcon.colcon_core.shell:Creating environment hook '/home/nisharu/ros2_ws/install/adaptive_gripper_description/share/adaptive_gripper_description/hook/cmake_prefix_path.ps1'
[0.586s] INFO:colcon.colcon_core.shell:Creating environment descriptor '/home/nisharu/ros2_ws/install/adaptive_gripper_description/share/adaptive_gripper_description/hook/cmake_prefix_path.dsv'
[0.586s] INFO:colcon.colcon_core.shell:Creating environment hook '/home/nisharu/ros2_ws/install/adaptive_gripper_description/share/adaptive_gripper_description/hook/cmake_prefix_path.sh'
[0.587s] Level 1:colcon.colcon_core.environment:checking '/home/nisharu/ros2_ws/install/adaptive_gripper_description/bin'
[0.587s] Level 1:colcon.colcon_core.environment:checking '/home/nisharu/ros2_ws/install/adaptive_gripper_description/lib/pkgconfig/adaptive_gripper_description.pc'
[0.587s] Level 1:colcon.colcon_core.environment:checking '/home/nisharu/ros2_ws/install/adaptive_gripper_description/lib/python3.10/site-packages'
[0.587s] Level 1:colcon.colcon_core.environment:checking '/home/nisharu/ros2_ws/install/adaptive_gripper_description/bin'
[0.588s] INFO:colcon.colcon_core.shell:Creating package script '/home/nisharu/ros2_ws/install/adaptive_gripper_description/share/adaptive_gripper_description/package.ps1'
[0.588s] INFO:colcon.colcon_core.shell:Creating package descriptor '/home/nisharu/ros2_ws/install/adaptive_gripper_description/share/adaptive_gripper_description/package.dsv'
[0.589s] INFO:colcon.colcon_core.shell:Creating package script '/home/nisharu/ros2_ws/install/adaptive_gripper_description/share/adaptive_gripper_description/package.sh'
[0.590s] INFO:colcon.colcon_core.shell:Creating package script '/home/nisharu/ros2_ws/install/adaptive_gripper_description/share/adaptive_gripper_description/package.bash'
[0.591s] INFO:colcon.colcon_core.shell:Creating package script '/home/nisharu/ros2_ws/install/adaptive_gripper_description/share/adaptive_gripper_description/package.zsh'
[0.591s] Level 1:colcon.colcon_core.environment:create_file_with_runtime_dependencies(/home/nisharu/ros2_ws/install/adaptive_gripper_description/share/colcon-core/packages/adaptive_gripper_description)
[0.592s] Level 1:colcon.colcon_core.environment:create_environment_scripts_only(adaptive_gripper_description)
[0.592s] Level 1:colcon.colcon_core.environment:checking '/home/nisharu/ros2_ws/install/adaptive_gripper_description' for CMake module files
[0.593s] Level 1:colcon.colcon_core.environment:checking '/home/nisharu/ros2_ws/install/adaptive_gripper_description' for CMake config files
[0.593s] Level 1:colcon.colcon_core.shell:create_environment_hook('adaptive_gripper_description', 'cmake_prefix_path')
[0.593s] INFO:colcon.colcon_core.shell:Creating environment hook '/home/nisharu/ros2_ws/install/adaptive_gripper_description/share/adaptive_gripper_description/hook/cmake_prefix_path.ps1'
[0.594s] INFO:colcon.colcon_core.shell:Creating environment descriptor '/home/nisharu/ros2_ws/install/adaptive_gripper_description/share/adaptive_gripper_description/hook/cmake_prefix_path.dsv'
[0.594s] INFO:colcon.colcon_core.shell:Creating environment hook '/home/nisharu/ros2_ws/install/adaptive_gripper_description/share/adaptive_gripper_description/hook/cmake_prefix_path.sh'
[0.595s] Level 1:colcon.colcon_core.environment:checking '/home/nisharu/ros2_ws/install/adaptive_gripper_description/bin'
[0.595s] Level 1:colcon.colcon_core.environment:checking '/home/nisharu/ros2_ws/install/adaptive_gripper_description/lib/pkgconfig/adaptive_gripper_description.pc'
[0.595s] Level 1:colcon.colcon_core.environment:checking '/home/nisharu/ros2_ws/install/adaptive_gripper_description/lib/python3.10/site-packages'
[0.596s] Level 1:colcon.colcon_core.environment:checking '/home/nisharu/ros2_ws/install/adaptive_gripper_description/bin'
[0.596s] INFO:colcon.colcon_core.shell:Creating package script '/home/nisharu/ros2_ws/install/adaptive_gripper_description/share/adaptive_gripper_description/package.ps1'
[0.597s] INFO:colcon.colcon_core.shell:Creating package descriptor '/home/nisharu/ros2_ws/install/adaptive_gripper_description/share/adaptive_gripper_description/package.dsv'
[0.597s] INFO:colcon.colcon_core.shell:Creating package script '/home/nisharu/ros2_ws/install/adaptive_gripper_description/share/adaptive_gripper_description/package.sh'
[0.598s] INFO:colcon.colcon_core.shell:Creating package script '/home/nisharu/ros2_ws/install/adaptive_gripper_description/share/adaptive_gripper_description/package.bash'
[0.598s] INFO:colcon.colcon_core.shell:Creating package script '/home/nisharu/ros2_ws/install/adaptive_gripper_description/share/adaptive_gripper_description/package.zsh'
[0.599s] Level 1:colcon.colcon_core.environment:create_file_with_runtime_dependencies(/home/nisharu/ros2_ws/install/adaptive_gripper_description/share/colcon-core/packages/adaptive_gripper_description)
[0.795s] DEBUG:colcon.colcon_core.event_handler.log_command:Invoked command in '/home/nisharu/ros2_ws/build/robotic_description' returned '0': CMAKE_PREFIX_PATH=${CMAKE_PREFIX_PATH}:/home/nisharu/ros2_ws/install/robotic_control:/opt/ros/humble /usr/bin/cmake /home/nisharu/ros2_ws/src/robotic_description -DCMAKE_INSTALL_PREFIX=/home/nisharu/ros2_ws/install/robotic_description
[0.796s] DEBUG:colcon.colcon_core.event_handler.log_command:Invoking command in '/home/nisharu/ros2_ws/build/robotic_description': CMAKE_PREFIX_PATH=${CMAKE_PREFIX_PATH}:/home/nisharu/ros2_ws/install/robotic_control:/opt/ros/humble /usr/bin/cmake --build /home/nisharu/ros2_ws/build/robotic_description -- -j12 -l12
[0.848s] DEBUG:colcon.colcon_core.event_handler.log_command:Invoked command in '/home/nisharu/ros2_ws/build/robotic_description' returned '0': CMAKE_PREFIX_PATH=${CMAKE_PREFIX_PATH}:/home/nisharu/ros2_ws/install/robotic_control:/opt/ros/humble /usr/bin/cmake --build /home/nisharu/ros2_ws/build/robotic_description -- -j12 -l12
[0.851s] DEBUG:colcon.colcon_core.event_handler.log_command:Invoking command in '/home/nisharu/ros2_ws/build/robotic_description': CMAKE_PREFIX_PATH=${CMAKE_PREFIX_PATH}:/home/nisharu/ros2_ws/install/robotic_control:/opt/ros/humble /usr/bin/cmake --install /home/nisharu/ros2_ws/build/robotic_description
[0.891s] Level 1:colcon.colcon_core.environment:create_environment_scripts_only(robotic_description)
[0.891s] Level 1:colcon.colcon_core.environment:checking '/home/nisharu/ros2_ws/install/robotic_description' for CMake module files
[0.892s] DEBUG:colcon.colcon_core.event_handler.log_command:Invoked command in '/home/nisharu/ros2_ws/build/robotic_description' returned '0': CMAKE_PREFIX_PATH=${CMAKE_PREFIX_PATH}:/home/nisharu/ros2_ws/install/robotic_control:/opt/ros/humble /usr/bin/cmake --install /home/nisharu/ros2_ws/build/robotic_description
[0.893s] Level 1:colcon.colcon_core.environment:checking '/home/nisharu/ros2_ws/install/robotic_description' for CMake config files
[0.893s] Level 1:colcon.colcon_core.shell:create_environment_hook('robotic_description', 'cmake_prefix_path')
[0.894s] INFO:colcon.colcon_core.shell:Creating environment hook '/home/nisharu/ros2_ws/install/robotic_description/share/robotic_description/hook/cmake_prefix_path.ps1'
[0.894s] INFO:colcon.colcon_core.shell:Creating environment descriptor '/home/nisharu/ros2_ws/install/robotic_description/share/robotic_description/hook/cmake_prefix_path.dsv'
[0.895s] INFO:colcon.colcon_core.shell:Creating environment hook '/home/nisharu/ros2_ws/install/robotic_description/share/robotic_description/hook/cmake_prefix_path.sh'
[0.895s] Level 1:colcon.colcon_core.environment:checking '/home/nisharu/ros2_ws/install/robotic_description/lib'
[0.896s] Level 1:colcon.colcon_core.environment:checking '/home/nisharu/ros2_ws/install/robotic_description/bin'
[0.896s] Level 1:colcon.colcon_core.environment:checking '/home/nisharu/ros2_ws/install/robotic_description/lib/pkgconfig/robotic_description.pc'
[0.896s] Level 1:colcon.colcon_core.environment:checking '/home/nisharu/ros2_ws/install/robotic_description/lib/python3.10/site-packages'
[0.897s] Level 1:colcon.colcon_core.environment:checking '/home/nisharu/ros2_ws/install/robotic_description/bin'
[0.897s] INFO:colcon.colcon_core.shell:Creating package script '/home/nisharu/ros2_ws/install/robotic_description/share/robotic_description/package.ps1'
[0.898s] INFO:colcon.colcon_core.shell:Creating package descriptor '/home/nisharu/ros2_ws/install/robotic_description/share/robotic_description/package.dsv'
[0.898s] INFO:colcon.colcon_core.shell:Creating package script '/home/nisharu/ros2_ws/install/robotic_description/share/robotic_description/package.sh'
[0.899s] INFO:colcon.colcon_core.shell:Creating package script '/home/nisharu/ros2_ws/install/robotic_description/share/robotic_description/package.bash'
[0.899s] INFO:colcon.colcon_core.shell:Creating package script '/home/nisharu/ros2_ws/install/robotic_description/share/robotic_description/package.zsh'
[0.900s] Level 1:colcon.colcon_core.environment:create_file_with_runtime_dependencies(/home/nisharu/ros2_ws/install/robotic_description/share/colcon-core/packages/robotic_description)
[0.900s] Level 1:colcon.colcon_core.environment:create_environment_scripts_only(robotic_description)
[0.901s] Level 1:colcon.colcon_core.environment:checking '/home/nisharu/ros2_ws/install/robotic_description' for CMake module files
[0.901s] Level 1:colcon.colcon_core.environment:checking '/home/nisharu/ros2_ws/install/robotic_description' for CMake config files
[0.902s] Level 1:colcon.colcon_core.shell:create_environment_hook('robotic_description', 'cmake_prefix_path')
[0.902s] INFO:colcon.colcon_core.shell:Creating environment hook '/home/nisharu/ros2_ws/install/robotic_description/share/robotic_description/hook/cmake_prefix_path.ps1'
[0.903s] INFO:colcon.colcon_core.shell:Creating environment descriptor '/home/nisharu/ros2_ws/install/robotic_description/share/robotic_description/hook/cmake_prefix_path.dsv'
[0.904s] INFO:colcon.colcon_core.shell:Creating environment hook '/home/nisharu/ros2_ws/install/robotic_description/share/robotic_description/hook/cmake_prefix_path.sh'
[0.904s] Level 1:colcon.colcon_core.environment:checking '/home/nisharu/ros2_ws/install/robotic_description/lib'
[0.904s] Level 1:colcon.colcon_core.environment:checking '/home/nisharu/ros2_ws/install/robotic_description/bin'
[0.904s] Level 1:colcon.colcon_core.environment:checking '/home/nisharu/ros2_ws/install/robotic_description/lib/pkgconfig/robotic_description.pc'
[0.905s] Level 1:colcon.colcon_core.environment:checking '/home/nisharu/ros2_ws/install/robotic_description/lib/python3.10/site-packages'
[0.905s] Level 1:colcon.colcon_core.environment:checking '/home/nisharu/ros2_ws/install/robotic_description/bin'
[0.905s] INFO:colcon.colcon_core.shell:Creating package script '/home/nisharu/ros2_ws/install/robotic_description/share/robotic_description/package.ps1'
[0.906s] INFO:colcon.colcon_core.shell:Creating package descriptor '/home/nisharu/ros2_ws/install/robotic_description/share/robotic_description/package.dsv'
[0.906s] INFO:colcon.colcon_core.shell:Creating package script '/home/nisharu/ros2_ws/install/robotic_description/share/robotic_description/package.sh'
[0.907s] INFO:colcon.colcon_core.shell:Creating package script '/home/nisharu/ros2_ws/install/robotic_description/share/robotic_description/package.bash'
[0.908s] INFO:colcon.colcon_core.shell:Creating package script '/home/nisharu/ros2_ws/install/robotic_description/share/robotic_description/package.zsh'
[0.908s] Level 1:colcon.colcon_core.environment:create_file_with_runtime_dependencies(/home/nisharu/ros2_ws/install/robotic_description/share/colcon-core/packages/robotic_description)
[0.939s] DEBUG:colcon.colcon_core.event_handler.log_command:Invoking command in '/home/nisharu/ros2_ws/src/robotic_control': PYTHONPATH=/home/nisharu/ros2_ws/build/robotic_control/prefix_override:/usr/lib/python3/dist-packages/colcon_core/task/python/colcon_distutils_commands:/home/nisharu/ros2_ws/install/robotic_control/lib/python3.10/site-packages:${PYTHONPATH} /usr/bin/python3 -W ignore:setup.py install is deprecated -W ignore:easy_install command is deprecated setup.py egg_info --egg-base ../../build/robotic_control build --build-base /home/nisharu/ros2_ws/build/robotic_control/build install --record /home/nisharu/ros2_ws/build/robotic_control/install.log --single-version-externally-managed install_data
[1.183s] Level 1:colcon.colcon_core.environment:checking '/home/nisharu/ros2_ws/install/robotic_control' for CMake module files
[1.184s] DEBUG:colcon.colcon_core.event_handler.log_command:Invoked command in '/home/nisharu/ros2_ws/src/robotic_control' returned '0': PYTHONPATH=/home/nisharu/ros2_ws/build/robotic_control/prefix_override:/usr/lib/python3/dist-packages/colcon_core/task/python/colcon_distutils_commands:/home/nisharu/ros2_ws/install/robotic_control/lib/python3.10/site-packages:${PYTHONPATH} /usr/bin/python3 -W ignore:setup.py install is deprecated -W ignore:easy_install command is deprecated setup.py egg_info --egg-base ../../build/robotic_control build --build-base /home/nisharu/ros2_ws/build/robotic_control/build install --record /home/nisharu/ros2_ws/build/robotic_control/install.log --single-version-externally-managed install_data
[1.184s] Level 1:colcon.colcon_core.environment:checking '/home/nisharu/ros2_ws/install/robotic_control' for CMake config files
[1.185s] Level 1:colcon.colcon_core.environment:checking '/home/nisharu/ros2_ws/install/robotic_control/lib'
[1.185s] Level 1:colcon.colcon_core.environment:checking '/home/nisharu/ros2_ws/install/robotic_control/bin'
[1.185s] Level 1:colcon.colcon_core.shell:create_environment_hook('robotic_control', 'path')
[1.185s] INFO:colcon.colcon_core.shell:Creating environment hook '/home/nisharu/ros2_ws/install/robotic_control/share/robotic_control/hook/path.ps1'
[1.185s] INFO:colcon.colcon_core.shell:Creating environment descriptor '/home/nisharu/ros2_ws/install/robotic_control/share/robotic_control/hook/path.dsv'
[1.186s] INFO:colcon.colcon_core.shell:Creating environment hook '/home/nisharu/ros2_ws/install/robotic_control/share/robotic_control/hook/path.sh'
[1.186s] Level 1:colcon.colcon_core.environment:checking '/home/nisharu/ros2_ws/install/robotic_control/lib/pkgconfig/robotic_control.pc'
[1.186s] Level 1:colcon.colcon_core.environment:checking '/home/nisharu/ros2_ws/install/robotic_control/lib/python3.10/site-packages'
[1.186s] Level 1:colcon.colcon_core.shell:create_environment_hook('robotic_control', 'pythonpath')
[1.186s] INFO:colcon.colcon_core.shell:Creating environment hook '/home/nisharu/ros2_ws/install/robotic_control/share/robotic_control/hook/pythonpath.ps1'
[1.187s] INFO:colcon.colcon_core.shell:Creating environment descriptor '/home/nisharu/ros2_ws/install/robotic_control/share/robotic_control/hook/pythonpath.dsv'
[1.187s] INFO:colcon.colcon_core.shell:Creating environment hook '/home/nisharu/ros2_ws/install/robotic_control/share/robotic_control/hook/pythonpath.sh'
[1.188s] Level 1:colcon.colcon_core.environment:checking '/home/nisharu/ros2_ws/install/robotic_control/bin'
[1.188s] Level 1:colcon.colcon_core.shell:create_environment_hook('robotic_control', 'pythonscriptspath')
[1.188s] INFO:colcon.colcon_core.shell:Creating environment hook '/home/nisharu/ros2_ws/install/robotic_control/share/robotic_control/hook/pythonscriptspath.ps1'
[1.188s] INFO:colcon.colcon_core.shell:Creating environment descriptor '/home/nisharu/ros2_ws/install/robotic_control/share/robotic_control/hook/pythonscriptspath.dsv'
[1.188s] INFO:colcon.colcon_core.shell:Creating environment hook '/home/nisharu/ros2_ws/install/robotic_control/share/robotic_control/hook/pythonscriptspath.sh'
[1.189s] Level 1:colcon.colcon_core.environment:create_environment_scripts_only(robotic_control)
[1.189s] INFO:colcon.colcon_core.shell:Creating package script '/home/nisharu/ros2_ws/install/robotic_control/share/robotic_control/package.ps1'
[1.189s] INFO:colcon.colcon_core.shell:Creating package descriptor '/home/nisharu/ros2_ws/install/robotic_control/share/robotic_control/package.dsv'
[1.190s] INFO:colcon.colcon_core.shell:Creating package script '/home/nisharu/ros2_ws/install/robotic_control/share/robotic_control/package.sh'
[1.190s] INFO:colcon.colcon_core.shell:Creating package script '/home/nisharu/ros2_ws/install/robotic_control/share/robotic_control/package.bash'
[1.190s] INFO:colcon.colcon_core.shell:Creating package script '/home/nisharu/ros2_ws/install/robotic_control/share/robotic_control/package.zsh'
[1.191s] Level 1:colcon.colcon_core.environment:create_file_with_runtime_dependencies(/home/nisharu/ros2_ws/install/robotic_control/share/colcon-core/packages/robotic_control)
[1.191s] DEBUG:colcon.colcon_parallel_executor.executor.parallel:closing loop
[1.191s] DEBUG:colcon.colcon_parallel_executor.executor.parallel:loop closed
[1.191s] DEBUG:colcon.colcon_parallel_executor.executor.parallel:run_until_complete finished with '0'
[1.191s] DEBUG:colcon.colcon_core.event_reactor:joining thread
[1.197s] INFO:colcon.colcon_core.plugin_system:Skipping extension 'colcon_notification.desktop_notification.terminal_notifier': Not used on non-Darwin systems
[1.197s] INFO:colcon.colcon_core.plugin_system:Skipping extension 'colcon_notification.desktop_notification.win32': Not used on non-Windows systems
[1.197s] INFO:colcon.colcon_notification.desktop_notification:Sending desktop notification using 'notify2'
[1.210s] DEBUG:colcon.colcon_core.event_reactor:joined thread
[1.210s] INFO:colcon.colcon_core.shell:Creating prefix script '/home/nisharu/ros2_ws/install/local_setup.ps1'
[1.211s] INFO:colcon.colcon_core.shell:Creating prefix util module '/home/nisharu/ros2_ws/install/_local_setup_util_ps1.py'
[1.212s] INFO:colcon.colcon_core.shell:Creating prefix chain script '/home/nisharu/ros2_ws/install/setup.ps1'
[1.212s] INFO:colcon.colcon_core.shell:Creating prefix script '/home/nisharu/ros2_ws/install/local_setup.sh'
[1.213s] INFO:colcon.colcon_core.shell:Creating prefix util module '/home/nisharu/ros2_ws/install/_local_setup_util_sh.py'
[1.213s] INFO:colcon.colcon_core.shell:Creating prefix chain script '/home/nisharu/ros2_ws/install/setup.sh'
[1.214s] INFO:colcon.colcon_core.shell:Creating prefix script '/home/nisharu/ros2_ws/install/local_setup.bash'
[1.214s] INFO:colcon.colcon_core.shell:Creating prefix chain script '/home/nisharu/ros2_ws/install/setup.bash'
[1.215s] INFO:colcon.colcon_core.shell:Creating prefix script '/home/nisharu/ros2_ws/install/local_setup.zsh'
[1.216s] INFO:colcon.colcon_core.shell:Creating prefix chain script '/home/nisharu/ros2_ws/install/setup.zsh'
