[0.007s] Invoking command in '/home/nisharu/ros2_ws/build/adaptive_gripper_description': CMAKE_PREFIX_PATH=${CMAKE_PREFIX_PATH}:/opt/ros/humble /usr/bin/cmake /home/nisharu/ros2_ws/src/adaptive_gripper_description -DCMAKE_INSTALL_PREFIX=/home/nisharu/ros2_ws/install/adaptive_gripper_description
[0.057s] -- The C compiler identification is GNU 11.4.0
[0.100s] -- The CXX compiler identification is GNU 11.4.0
[0.106s] -- Detecting C compiler ABI info
[0.161s] -- Detecting C compiler ABI info - done
[0.165s] -- Check for working C compiler: /usr/bin/cc - skipped
[0.167s] -- Detecting C compile features
[0.167s] -- Detecting C compile features - done
[0.169s] -- Detecting CXX compiler ABI info
[0.231s] -- Detecting CXX compiler ABI info - done
[0.235s] -- Check for working CXX compiler: /usr/bin/c++ - skipped
[0.235s] -- Detecting CXX compile features
[0.236s] -- Detecting CXX compile features - done
[0.241s] -- Found ament_cmake: 1.3.12 (/opt/ros/humble/share/ament_cmake/cmake)
[0.341s] -- Found Python3: /usr/bin/python3 (found version "3.10.12") found components: Interpreter 
[0.441s] -- Configuring done
[0.443s] -- Generating done
[0.444s] -- Build files have been written to: /home/nisharu/ros2_ws/build/adaptive_gripper_description
[0.449s] Invoked command in '/home/nisharu/ros2_ws/build/adaptive_gripper_description' returned '0': CMAKE_PREFIX_PATH=${CMAKE_PREFIX_PATH}:/opt/ros/humble /usr/bin/cmake /home/nisharu/ros2_ws/src/adaptive_gripper_description -DCMAKE_INSTALL_PREFIX=/home/nisharu/ros2_ws/install/adaptive_gripper_description
[0.450s] Invoking command in '/home/nisharu/ros2_ws/build/adaptive_gripper_description': CMAKE_PREFIX_PATH=${CMAKE_PREFIX_PATH}:/opt/ros/humble /usr/bin/cmake --build /home/nisharu/ros2_ws/build/adaptive_gripper_description -- -j12 -l12
[0.487s] Invoked command in '/home/nisharu/ros2_ws/build/adaptive_gripper_description' returned '0': CMAKE_PREFIX_PATH=${CMAKE_PREFIX_PATH}:/opt/ros/humble /usr/bin/cmake --build /home/nisharu/ros2_ws/build/adaptive_gripper_description -- -j12 -l12
[0.496s] Invoking command in '/home/nisharu/ros2_ws/build/adaptive_gripper_description': CMAKE_PREFIX_PATH=${CMAKE_PREFIX_PATH}:/opt/ros/humble /usr/bin/cmake --install /home/nisharu/ros2_ws/build/adaptive_gripper_description
[0.503s] -- Install configuration: ""
[0.503s] -- Installing: /home/nisharu/ros2_ws/install/adaptive_gripper_description/share/adaptive_gripper_description/config
[0.503s] -- Installing: /home/nisharu/ros2_ws/install/adaptive_gripper_description/share/adaptive_gripper_description/config/joint_limits.yaml
[0.504s] -- Installing: /home/nisharu/ros2_ws/install/adaptive_gripper_description/share/adaptive_gripper_description/launch
[0.504s] -- Installing: /home/nisharu/ros2_ws/install/adaptive_gripper_description/share/adaptive_gripper_description/launch/display.launch.py
[0.504s] -- Installing: /home/nisharu/ros2_ws/install/adaptive_gripper_description/share/adaptive_gripper_description/meshes
[0.504s] -- Installing: /home/nisharu/ros2_ws/install/adaptive_gripper_description/share/adaptive_gripper_description/meshes/collision
[0.504s] -- Installing: /home/nisharu/ros2_ws/install/adaptive_gripper_description/share/adaptive_gripper_description/meshes/collision/.gitkeep
[0.505s] -- Installing: /home/nisharu/ros2_ws/install/adaptive_gripper_description/share/adaptive_gripper_description/meshes/visual
[0.505s] -- Installing: /home/nisharu/ros2_ws/install/adaptive_gripper_description/share/adaptive_gripper_description/meshes/visual/.gitkeep
[0.505s] -- Installing: /home/nisharu/ros2_ws/install/adaptive_gripper_description/share/adaptive_gripper_description/urdf
[0.505s] -- Installing: /home/nisharu/ros2_ws/install/adaptive_gripper_description/share/adaptive_gripper_description/urdf/adaptive_gripper_arm.urdf
[0.505s] -- Installing: /home/nisharu/ros2_ws/install/adaptive_gripper_description/share/ament_index/resource_index/package_run_dependencies/adaptive_gripper_description
[0.505s] -- Installing: /home/nisharu/ros2_ws/install/adaptive_gripper_description/share/ament_index/resource_index/parent_prefix_path/adaptive_gripper_description
[0.505s] -- Installing: /home/nisharu/ros2_ws/install/adaptive_gripper_description/share/adaptive_gripper_description/environment/ament_prefix_path.sh
[0.506s] -- Installing: /home/nisharu/ros2_ws/install/adaptive_gripper_description/share/adaptive_gripper_description/environment/ament_prefix_path.dsv
[0.506s] -- Installing: /home/nisharu/ros2_ws/install/adaptive_gripper_description/share/adaptive_gripper_description/environment/path.sh
[0.506s] -- Installing: /home/nisharu/ros2_ws/install/adaptive_gripper_description/share/adaptive_gripper_description/environment/path.dsv
[0.506s] -- Installing: /home/nisharu/ros2_ws/install/adaptive_gripper_description/share/adaptive_gripper_description/local_setup.bash
[0.506s] -- Installing: /home/nisharu/ros2_ws/install/adaptive_gripper_description/share/adaptive_gripper_description/local_setup.sh
[0.506s] -- Installing: /home/nisharu/ros2_ws/install/adaptive_gripper_description/share/adaptive_gripper_description/local_setup.zsh
[0.506s] -- Installing: /home/nisharu/ros2_ws/install/adaptive_gripper_description/share/adaptive_gripper_description/local_setup.dsv
[0.506s] -- Installing: /home/nisharu/ros2_ws/install/adaptive_gripper_description/share/adaptive_gripper_description/package.dsv
[0.507s] -- Installing: /home/nisharu/ros2_ws/install/adaptive_gripper_description/share/ament_index/resource_index/packages/adaptive_gripper_description
[0.507s] -- Installing: /home/nisharu/ros2_ws/install/adaptive_gripper_description/share/adaptive_gripper_description/cmake/adaptive_gripper_descriptionConfig.cmake
[0.507s] -- Installing: /home/nisharu/ros2_ws/install/adaptive_gripper_description/share/adaptive_gripper_description/cmake/adaptive_gripper_descriptionConfig-version.cmake
[0.507s] -- Installing: /home/nisharu/ros2_ws/install/adaptive_gripper_description/share/adaptive_gripper_description/package.xml
[0.510s] Invoked command in '/home/nisharu/ros2_ws/build/adaptive_gripper_description' returned '0': CMAKE_PREFIX_PATH=${CMAKE_PREFIX_PATH}:/opt/ros/humble /usr/bin/cmake --install /home/nisharu/ros2_ws/build/adaptive_gripper_description
