[0.009s] Invoking command in '/home/nisharu/ros2_ws/build/adaptive_gripper_description': CMAKE_PREFIX_PATH=${CMAKE_PREFIX_PATH}:/opt/ros/humble /usr/bin/cmake --build /home/nisharu/ros2_ws/build/adaptive_gripper_description -- -j12 -l12
[0.041s] Invoked command in '/home/nisharu/ros2_ws/build/adaptive_gripper_description' returned '0': CMAKE_PREFIX_PATH=${CMAKE_PREFIX_PATH}:/opt/ros/humble /usr/bin/cmake --build /home/nisharu/ros2_ws/build/adaptive_gripper_description -- -j12 -l12
[0.050s] Invoking command in '/home/nisharu/ros2_ws/build/adaptive_gripper_description': CMAKE_PREFIX_PATH=${CMAKE_PREFIX_PATH}:/opt/ros/humble /usr/bin/cmake --install /home/nisharu/ros2_ws/build/adaptive_gripper_description
[0.056s] -- Install configuration: ""
[0.057s] -- Up-to-date: /home/nisharu/ros2_ws/install/adaptive_gripper_description/share/adaptive_gripper_description/config
[0.057s] -- Up-to-date: /home/nisharu/ros2_ws/install/adaptive_gripper_description/share/adaptive_gripper_description/config/joint_limits.yaml
[0.057s] -- Up-to-date: /home/nisharu/ros2_ws/install/adaptive_gripper_description/share/adaptive_gripper_description/launch
[0.057s] -- Up-to-date: /home/nisharu/ros2_ws/install/adaptive_gripper_description/share/adaptive_gripper_description/launch/display.launch.py
[0.057s] -- Up-to-date: /home/nisharu/ros2_ws/install/adaptive_gripper_description/share/adaptive_gripper_description/meshes
[0.057s] -- Up-to-date: /home/nisharu/ros2_ws/install/adaptive_gripper_description/share/adaptive_gripper_description/meshes/collision
[0.057s] -- Up-to-date: /home/nisharu/ros2_ws/install/adaptive_gripper_description/share/adaptive_gripper_description/meshes/collision/.gitkeep
[0.057s] -- Up-to-date: /home/nisharu/ros2_ws/install/adaptive_gripper_description/share/adaptive_gripper_description/meshes/visual
[0.058s] -- Up-to-date: /home/nisharu/ros2_ws/install/adaptive_gripper_description/share/adaptive_gripper_description/meshes/visual/.gitkeep
[0.058s] -- Up-to-date: /home/nisharu/ros2_ws/install/adaptive_gripper_description/share/adaptive_gripper_description/urdf
[0.058s] -- Up-to-date: /home/nisharu/ros2_ws/install/adaptive_gripper_description/share/adaptive_gripper_description/urdf/adaptive_gripper_arm.urdf
[0.058s] -- Up-to-date: /home/nisharu/ros2_ws/install/adaptive_gripper_description/share/ament_index/resource_index/package_run_dependencies/adaptive_gripper_description
[0.059s] -- Up-to-date: /home/nisharu/ros2_ws/install/adaptive_gripper_description/share/ament_index/resource_index/parent_prefix_path/adaptive_gripper_description
[0.059s] -- Up-to-date: /home/nisharu/ros2_ws/install/adaptive_gripper_description/share/adaptive_gripper_description/environment/ament_prefix_path.sh
[0.059s] -- Up-to-date: /home/nisharu/ros2_ws/install/adaptive_gripper_description/share/adaptive_gripper_description/environment/ament_prefix_path.dsv
[0.059s] -- Up-to-date: /home/nisharu/ros2_ws/install/adaptive_gripper_description/share/adaptive_gripper_description/environment/path.sh
[0.059s] -- Up-to-date: /home/nisharu/ros2_ws/install/adaptive_gripper_description/share/adaptive_gripper_description/environment/path.dsv
[0.059s] -- Up-to-date: /home/nisharu/ros2_ws/install/adaptive_gripper_description/share/adaptive_gripper_description/local_setup.bash
[0.059s] -- Up-to-date: /home/nisharu/ros2_ws/install/adaptive_gripper_description/share/adaptive_gripper_description/local_setup.sh
[0.059s] -- Up-to-date: /home/nisharu/ros2_ws/install/adaptive_gripper_description/share/adaptive_gripper_description/local_setup.zsh
[0.060s] -- Up-to-date: /home/nisharu/ros2_ws/install/adaptive_gripper_description/share/adaptive_gripper_description/local_setup.dsv
[0.060s] -- Installing: /home/nisharu/ros2_ws/install/adaptive_gripper_description/share/adaptive_gripper_description/package.dsv
[0.060s] -- Up-to-date: /home/nisharu/ros2_ws/install/adaptive_gripper_description/share/ament_index/resource_index/packages/adaptive_gripper_description
[0.060s] -- Up-to-date: /home/nisharu/ros2_ws/install/adaptive_gripper_description/share/adaptive_gripper_description/cmake/adaptive_gripper_descriptionConfig.cmake
[0.060s] -- Up-to-date: /home/nisharu/ros2_ws/install/adaptive_gripper_description/share/adaptive_gripper_description/cmake/adaptive_gripper_descriptionConfig-version.cmake
[0.060s] -- Up-to-date: /home/nisharu/ros2_ws/install/adaptive_gripper_description/share/adaptive_gripper_description/package.xml
[0.062s] Invoked command in '/home/nisharu/ros2_ws/build/adaptive_gripper_description' returned '0': CMAKE_PREFIX_PATH=${CMAKE_PREFIX_PATH}:/opt/ros/humble /usr/bin/cmake --install /home/nisharu/ros2_ws/build/adaptive_gripper_description
