[0.379s] Invoking command in '/home/nisharu/ros2_ws/src/robotic_control': PYTHONPATH=/home/nisharu/ros2_ws/build/robotic_control/prefix_override:/usr/lib/python3/dist-packages/colcon_core/task/python/colcon_distutils_commands:/home/nisharu/ros2_ws/install/robotic_control/lib/python3.10/site-packages:${PYTHONPATH} /usr/bin/python3 -W ignore:setup.py install is deprecated -W ignore:easy_install command is deprecated setup.py egg_info --egg-base ../../build/robotic_control build --build-base /home/nisharu/ros2_ws/build/robotic_control/build install --record /home/nisharu/ros2_ws/build/robotic_control/install.log --single-version-externally-managed install_data
[0.539s] running egg_info
[0.540s] writing ../../build/robotic_control/robotic_control.egg-info/PKG-INFO
[0.540s] writing dependency_links to ../../build/robotic_control/robotic_control.egg-info/dependency_links.txt
[0.540s] writing entry points to ../../build/robotic_control/robotic_control.egg-info/entry_points.txt
[0.540s] writing requirements to ../../build/robotic_control/robotic_control.egg-info/requires.txt
[0.540s] writing top-level names to ../../build/robotic_control/robotic_control.egg-info/top_level.txt
[0.542s] reading manifest file '../../build/robotic_control/robotic_control.egg-info/SOURCES.txt'
[0.542s] writing manifest file '../../build/robotic_control/robotic_control.egg-info/SOURCES.txt'
[0.542s] running build
[0.542s] running build_py
[0.543s] running install
[0.543s] running install_lib
[0.544s] running install_data
[0.544s] running install_egg_info
[0.545s] removing '/home/nisharu/ros2_ws/install/robotic_control/lib/python3.10/site-packages/robotic_control-0.0.0-py3.10.egg-info' (and everything under it)
[0.545s] Copying ../../build/robotic_control/robotic_control.egg-info to /home/nisharu/ros2_ws/install/robotic_control/lib/python3.10/site-packages/robotic_control-0.0.0-py3.10.egg-info
[0.546s] running install_scripts
[0.562s] Installing adaptive_grip_controller script to /home/nisharu/ros2_ws/install/robotic_control/lib/robotic_control
[0.562s] Installing data_exporter script to /home/nisharu/ros2_ws/install/robotic_control/lib/robotic_control
[0.562s] Installing fake_sensor_publisher script to /home/nisharu/ros2_ws/install/robotic_control/lib/robotic_control
[0.562s] Installing fsr_gazebo_sync script to /home/nisharu/ros2_ws/install/robotic_control/lib/robotic_control
[0.563s] Installing fsr_serial_bridge script to /home/nisharu/ros2_ws/install/robotic_control/lib/robotic_control
[0.563s] Installing gazebo_contact_bridge script to /home/nisharu/ros2_ws/install/robotic_control/lib/robotic_control
[0.563s] Installing gripper_monitor script to /home/nisharu/ros2_ws/install/robotic_control/lib/robotic_control
[0.563s] writing list of installed files to '/home/nisharu/ros2_ws/build/robotic_control/install.log'
[0.589s] Invoked command in '/home/nisharu/ros2_ws/src/robotic_control' returned '0': PYTHONPATH=/home/nisharu/ros2_ws/build/robotic_control/prefix_override:/usr/lib/python3/dist-packages/colcon_core/task/python/colcon_distutils_commands:/home/nisharu/ros2_ws/install/robotic_control/lib/python3.10/site-packages:${PYTHONPATH} /usr/bin/python3 -W ignore:setup.py install is deprecated -W ignore:easy_install command is deprecated setup.py egg_info --egg-base ../../build/robotic_control build --build-base /home/nisharu/ros2_ws/build/robotic_control/build install --record /home/nisharu/ros2_ws/build/robotic_control/install.log --single-version-externally-managed install_data
