-- The C compiler identification is GNU 11.4.0
-- The CXX compiler identification is GNU 11.4.0
-- Detecting C compiler ABI info
-- Detecting C compiler ABI info - done
-- Check for working C compiler: /usr/bin/cc - skipped
-- Detecting C compile features
-- Detecting C compile features - done
-- Detecting CXX compiler ABI info
-- Detecting CXX compiler ABI info - done
-- Check for working CXX compiler: /usr/bin/c++ - skipped
-- Detecting CXX compile features
-- Detecting CXX compile features - done
-- Found ament_cmake: 1.3.12 (/opt/ros/humble/share/ament_cmake/cmake)
-- Found Python3: /usr/bin/python3 (found version "3.10.12") found components: Interpreter 
-- Configuring done
-- Generating done
-- Build files have been written to: /home/nisharu/ros2_ws/build/robotic_description
-- Install configuration: ""
-- Installing: /home/nisharu/ros2_ws/install/robotic_description/share/robotic_description/launch
-- Installing: /home/nisharu/ros2_ws/install/robotic_description/share/robotic_description/launch/gazebo.launch.py
-- Installing: /home/nisharu/ros2_ws/install/robotic_description/share/robotic_description/launch/__pycache__
-- Installing: /home/nisharu/ros2_ws/install/robotic_description/share/robotic_description/launch/__pycache__/gazebo.launch.cpython-310.pyc
-- Installing: /home/nisharu/ros2_ws/install/robotic_description/share/robotic_description/launch/__pycache__/display.launch.cpython-310.pyc
-- Installing: /home/nisharu/ros2_ws/install/robotic_description/share/robotic_description/launch/display.launch.py
-- Installing: /home/nisharu/ros2_ws/install/robotic_description/share/robotic_description/urdf
-- Installing: /home/nisharu/ros2_ws/install/robotic_description/share/robotic_description/urdf/Robotic.gazebo
-- Installing: /home/nisharu/ros2_ws/install/robotic_description/share/robotic_description/urdf/Robotic.xacro
-- Installing: /home/nisharu/ros2_ws/install/robotic_description/share/robotic_description/urdf/Robotic.trans
-- Installing: /home/nisharu/ros2_ws/install/robotic_description/share/robotic_description/urdf/robotic_arm.urdf
-- Installing: /home/nisharu/ros2_ws/install/robotic_description/share/robotic_description/urdf/materials.xacro
-- Installing: /home/nisharu/ros2_ws/install/robotic_description/share/robotic_description/meshes/Motor Micro 9g.stl
-- Installing: /home/nisharu/ros2_ws/install/robotic_description/share/robotic_description/meshes/Motor_Micro_9g_1 (3).stl
-- Installing: /home/nisharu/ros2_ws/install/robotic_description/share/robotic_description/meshes/Motor_Micro_9g_1_1 (2).stl
-- Installing: /home/nisharu/ros2_ws/install/robotic_description/share/robotic_description/meshes/Motor_Micro_9g_1_1_1 (1).stl
-- Installing: /home/nisharu/ros2_ws/install/robotic_description/share/robotic_description/meshes/Motor_Micro_9g_1_1_1_1.stl
-- Installing: /home/nisharu/ros2_ws/install/robotic_description/share/robotic_description/meshes/Motor_Micro_9g_1_1__1__1.stl
-- Installing: /home/nisharu/ros2_ws/install/robotic_description/share/robotic_description/meshes/Motor_Micro_9g_1__1__1 (1).stl
-- Installing: /home/nisharu/ros2_ws/install/robotic_description/share/robotic_description/meshes/Motor_Micro_9g_1__1__1_1.stl
-- Installing: /home/nisharu/ros2_ws/install/robotic_description/share/robotic_description/meshes/Motor_Micro_9g_1__2__1.stl
-- Installing: /home/nisharu/ros2_ws/install/robotic_description/share/robotic_description/meshes/Servo Motor MG996R.stl
-- Installing: /home/nisharu/ros2_ws/install/robotic_description/share/robotic_description/meshes/Servo Motor Micro  9g.stl
-- Installing: /home/nisharu/ros2_ws/install/robotic_description/share/robotic_description/meshes/arm_complete.stl
-- Installing: /home/nisharu/ros2_ws/install/robotic_description/share/robotic_description/meshes/base_link.stl
-- Installing: /home/nisharu/ros2_ws/install/robotic_description/share/robotic_description/meshes/forearm_link.stl
-- Installing: /home/nisharu/ros2_ws/install/robotic_description/share/robotic_description/meshes/gear1_r1.stl
-- Installing: /home/nisharu/ros2_ws/install/robotic_description/share/robotic_description/meshes/gear2_r1.stl
-- Installing: /home/nisharu/ros2_ws/install/robotic_description/share/robotic_description/meshes/grip link 1_r1.stl
-- Installing: /home/nisharu/ros2_ws/install/robotic_description/share/robotic_description/meshes/gripper_assembly.stl
-- Installing: /home/nisharu/ros2_ws/install/robotic_description/share/robotic_description/meshes/gripper_base.stl
-- Installing: /home/nisharu/ros2_ws/install/robotic_description/share/robotic_description/meshes/gripper_link.stl
-- Installing: /home/nisharu/ros2_ws/install/robotic_description/share/robotic_description/meshes/shoulder_link.stl
-- Installing: /home/nisharu/ros2_ws/install/robotic_description/share/robotic_description/meshes/upper_arm_link.stl
-- Installing: /home/nisharu/ros2_ws/install/robotic_description/share/robotic_description/meshes/wrist_link.stl
-- Installing: /home/nisharu/ros2_ws/install/robotic_description/share/ament_index/resource_index/package_run_dependencies/robotic_description
-- Installing: /home/nisharu/ros2_ws/install/robotic_description/share/ament_index/resource_index/parent_prefix_path/robotic_description
-- Installing: /home/nisharu/ros2_ws/install/robotic_description/share/robotic_description/environment/ament_prefix_path.sh
-- Installing: /home/nisharu/ros2_ws/install/robotic_description/share/robotic_description/environment/ament_prefix_path.dsv
-- Installing: /home/nisharu/ros2_ws/install/robotic_description/share/robotic_description/environment/path.sh
-- Installing: /home/nisharu/ros2_ws/install/robotic_description/share/robotic_description/environment/path.dsv
-- Installing: /home/nisharu/ros2_ws/install/robotic_description/share/robotic_description/local_setup.bash
-- Installing: /home/nisharu/ros2_ws/install/robotic_description/share/robotic_description/local_setup.sh
-- Installing: /home/nisharu/ros2_ws/install/robotic_description/share/robotic_description/local_setup.zsh
-- Installing: /home/nisharu/ros2_ws/install/robotic_description/share/robotic_description/local_setup.dsv
-- Installing: /home/nisharu/ros2_ws/install/robotic_description/share/robotic_description/package.dsv
-- Installing: /home/nisharu/ros2_ws/install/robotic_description/share/ament_index/resource_index/packages/robotic_description
-- Installing: /home/nisharu/ros2_ws/install/robotic_description/share/robotic_description/cmake/robotic_descriptionConfig.cmake
-- Installing: /home/nisharu/ros2_ws/install/robotic_description/share/robotic_description/cmake/robotic_descriptionConfig-version.cmake
-- Installing: /home/nisharu/ros2_ws/install/robotic_description/share/robotic_description/package.xml
