[0.009s] Invoking command in '/home/nisharu/ros2_ws/build/robotic_description': CMAKE_PREFIX_PATH=${CMAKE_PREFIX_PATH}:/opt/ros/humble /usr/bin/cmake /home/nisharu/ros2_ws/src/robotic_description -DCMAKE_INSTALL_PREFIX=/home/nisharu/ros2_ws/install/robotic_description
[0.077s] -- The C compiler identification is GNU 11.4.0
[0.128s] -- The CXX compiler identification is GNU 11.4.0
[0.135s] -- Detecting C compiler ABI info
[0.199s] -- Detecting C compiler ABI info - done
[0.204s] -- Check for working C compiler: /usr/bin/cc - skipped
[0.204s] -- Detecting C compile features
[0.204s] -- Detecting C compile features - done
[0.208s] -- Detecting CXX compiler ABI info
[0.295s] -- Detecting CXX compiler ABI info - done
[0.301s] -- Check for working CXX compiler: /usr/bin/c++ - skipped
[0.301s] -- Detecting CXX compile features
[0.301s] -- Detecting CXX compile features - done
[0.304s] -- Found ament_cmake: 1.3.12 (/opt/ros/humble/share/ament_cmake/cmake)
[0.454s] -- Found Python3: /usr/bin/python3 (found version "3.10.12") found components: Interpreter 
[0.582s] -- Configuring done
[0.584s] -- Generating done
[0.586s] -- Build files have been written to: /home/nisharu/ros2_ws/build/robotic_description
[0.590s] Invoked command in '/home/nisharu/ros2_ws/build/robotic_description' returned '0': CMAKE_PREFIX_PATH=${CMAKE_PREFIX_PATH}:/opt/ros/humble /usr/bin/cmake /home/nisharu/ros2_ws/src/robotic_description -DCMAKE_INSTALL_PREFIX=/home/nisharu/ros2_ws/install/robotic_description
[0.592s] Invoking command in '/home/nisharu/ros2_ws/build/robotic_description': CMAKE_PREFIX_PATH=${CMAKE_PREFIX_PATH}:/opt/ros/humble /usr/bin/cmake --build /home/nisharu/ros2_ws/build/robotic_description -- -j12 -l12
[0.633s] Invoked command in '/home/nisharu/ros2_ws/build/robotic_description' returned '0': CMAKE_PREFIX_PATH=${CMAKE_PREFIX_PATH}:/opt/ros/humble /usr/bin/cmake --build /home/nisharu/ros2_ws/build/robotic_description -- -j12 -l12
[0.642s] Invoking command in '/home/nisharu/ros2_ws/build/robotic_description': CMAKE_PREFIX_PATH=${CMAKE_PREFIX_PATH}:/opt/ros/humble /usr/bin/cmake --install /home/nisharu/ros2_ws/build/robotic_description
[0.650s] -- Install configuration: ""
[0.650s] -- Installing: /home/nisharu/ros2_ws/install/robotic_description/share/robotic_description/launch
[0.650s] -- Installing: /home/nisharu/ros2_ws/install/robotic_description/share/robotic_description/launch/gazebo.launch.py
[0.650s] -- Installing: /home/nisharu/ros2_ws/install/robotic_description/share/robotic_description/launch/__pycache__
[0.651s] -- Installing: /home/nisharu/ros2_ws/install/robotic_description/share/robotic_description/launch/__pycache__/gazebo.launch.cpython-310.pyc
[0.651s] -- Installing: /home/nisharu/ros2_ws/install/robotic_description/share/robotic_description/launch/__pycache__/display.launch.cpython-310.pyc
[0.651s] -- Installing: /home/nisharu/ros2_ws/install/robotic_description/share/robotic_description/launch/display.launch.py
[0.651s] -- Installing: /home/nisharu/ros2_ws/install/robotic_description/share/robotic_description/urdf
[0.651s] -- Installing: /home/nisharu/ros2_ws/install/robotic_description/share/robotic_description/urdf/Robotic.gazebo
[0.651s] -- Installing: /home/nisharu/ros2_ws/install/robotic_description/share/robotic_description/urdf/Robotic.xacro
[0.651s] -- Installing: /home/nisharu/ros2_ws/install/robotic_description/share/robotic_description/urdf/Robotic.trans
[0.651s] -- Installing: /home/nisharu/ros2_ws/install/robotic_description/share/robotic_description/urdf/robotic_arm.urdf
[0.651s] -- Installing: /home/nisharu/ros2_ws/install/robotic_description/share/robotic_description/urdf/materials.xacro
[0.651s] -- Installing: /home/nisharu/ros2_ws/install/robotic_description/share/robotic_description/meshes/Motor Micro 9g.stl
[0.653s] -- Installing: /home/nisharu/ros2_ws/install/robotic_description/share/robotic_description/meshes/Motor_Micro_9g_1 (3).stl
[0.653s] -- Installing: /home/nisharu/ros2_ws/install/robotic_description/share/robotic_description/meshes/Motor_Micro_9g_1_1 (2).stl
[0.654s] -- Installing: /home/nisharu/ros2_ws/install/robotic_description/share/robotic_description/meshes/Motor_Micro_9g_1_1_1 (1).stl
[0.654s] -- Installing: /home/nisharu/ros2_ws/install/robotic_description/share/robotic_description/meshes/Motor_Micro_9g_1_1_1_1.stl
[0.654s] -- Installing: /home/nisharu/ros2_ws/install/robotic_description/share/robotic_description/meshes/Motor_Micro_9g_1_1__1__1.stl
[0.655s] -- Installing: /home/nisharu/ros2_ws/install/robotic_description/share/robotic_description/meshes/Motor_Micro_9g_1__1__1 (1).stl
[0.655s] -- Installing: /home/nisharu/ros2_ws/install/robotic_description/share/robotic_description/meshes/Motor_Micro_9g_1__1__1_1.stl
[0.655s] -- Installing: /home/nisharu/ros2_ws/install/robotic_description/share/robotic_description/meshes/Motor_Micro_9g_1__2__1.stl
[0.656s] -- Installing: /home/nisharu/ros2_ws/install/robotic_description/share/robotic_description/meshes/Servo Motor MG996R.stl
[0.657s] -- Installing: /home/nisharu/ros2_ws/install/robotic_description/share/robotic_description/meshes/Servo Motor Micro  9g.stl
[0.657s] -- Installing: /home/nisharu/ros2_ws/install/robotic_description/share/robotic_description/meshes/arm_complete.stl
[0.665s] -- Installing: /home/nisharu/ros2_ws/install/robotic_description/share/robotic_description/meshes/base_link.stl
[0.665s] -- Installing: /home/nisharu/ros2_ws/install/robotic_description/share/robotic_description/meshes/forearm_link.stl
[0.666s] -- Installing: /home/nisharu/ros2_ws/install/robotic_description/share/robotic_description/meshes/gear1_r1.stl
[0.667s] -- Installing: /home/nisharu/ros2_ws/install/robotic_description/share/robotic_description/meshes/gear2_r1.stl
[0.667s] -- Installing: /home/nisharu/ros2_ws/install/robotic_description/share/robotic_description/meshes/grip link 1_r1.stl
[0.668s] -- Installing: /home/nisharu/ros2_ws/install/robotic_description/share/robotic_description/meshes/gripper_assembly.stl
[0.669s] -- Installing: /home/nisharu/ros2_ws/install/robotic_description/share/robotic_description/meshes/gripper_base.stl
[0.669s] -- Installing: /home/nisharu/ros2_ws/install/robotic_description/share/robotic_description/meshes/gripper_link.stl
[0.669s] -- Installing: /home/nisharu/ros2_ws/install/robotic_description/share/robotic_description/meshes/shoulder_link.stl
[0.671s] -- Installing: /home/nisharu/ros2_ws/install/robotic_description/share/robotic_description/meshes/upper_arm_link.stl
[0.673s] -- Installing: /home/nisharu/ros2_ws/install/robotic_description/share/robotic_description/meshes/wrist_link.stl
[0.674s] -- Installing: /home/nisharu/ros2_ws/install/robotic_description/share/ament_index/resource_index/package_run_dependencies/robotic_description
[0.674s] -- Installing: /home/nisharu/ros2_ws/install/robotic_description/share/ament_index/resource_index/parent_prefix_path/robotic_description
[0.674s] -- Installing: /home/nisharu/ros2_ws/install/robotic_description/share/robotic_description/environment/ament_prefix_path.sh
[0.674s] -- Installing: /home/nisharu/ros2_ws/install/robotic_description/share/robotic_description/environment/ament_prefix_path.dsv
[0.674s] -- Installing: /home/nisharu/ros2_ws/install/robotic_description/share/robotic_description/environment/path.sh
[0.674s] -- Installing: /home/nisharu/ros2_ws/install/robotic_description/share/robotic_description/environment/path.dsv
[0.675s] -- Installing: /home/nisharu/ros2_ws/install/robotic_description/share/robotic_description/local_setup.bash
[0.675s] -- Installing: /home/nisharu/ros2_ws/install/robotic_description/share/robotic_description/local_setup.sh
[0.675s] -- Installing: /home/nisharu/ros2_ws/install/robotic_description/share/robotic_description/local_setup.zsh
[0.675s] -- Installing: /home/nisharu/ros2_ws/install/robotic_description/share/robotic_description/local_setup.dsv
[0.675s] -- Installing: /home/nisharu/ros2_ws/install/robotic_description/share/robotic_description/package.dsv
[0.675s] -- Installing: /home/nisharu/ros2_ws/install/robotic_description/share/ament_index/resource_index/packages/robotic_description
[0.675s] -- Installing: /home/nisharu/ros2_ws/install/robotic_description/share/robotic_description/cmake/robotic_descriptionConfig.cmake
[0.675s] -- Installing: /home/nisharu/ros2_ws/install/robotic_description/share/robotic_description/cmake/robotic_descriptionConfig-version.cmake
[0.676s] -- Installing: /home/nisharu/ros2_ws/install/robotic_description/share/robotic_description/package.xml
[0.677s] Invoked command in '/home/nisharu/ros2_ws/build/robotic_description' returned '0': CMAKE_PREFIX_PATH=${CMAKE_PREFIX_PATH}:/opt/ros/humble /usr/bin/cmake --install /home/nisharu/ros2_ws/build/robotic_description
