[0.000000] (-) TimerEvent: {}
[0.000187] (robotic_description) JobQueued: {'identifier': 'robotic_description', 'dependencies': OrderedDict()}
[0.000355] (robotic_description) JobStarted: {'identifier': 'robotic_description'}
[0.006407] (robotic_description) JobProgress: {'identifier': 'robotic_description', 'progress': 'cmake'}
[0.006929] (robotic_description) JobProgress: {'identifier': 'robotic_description', 'progress': 'build'}
[0.007356] (robotic_description) Command: {'cmd': ['/usr/bin/cmake', '--build', '/home/nisharu/ros2_ws/build/robotic_description', '--', '-j12', '-l12'], 'cwd': '/home/nisharu/ros2_ws/build/robotic_description', 'env': OrderedDict([('GJS_DEBUG_TOPICS', 'JS ERROR;JS LOG'), ('LESSOPEN', '| /usr/bin/lesspipe %s'), ('VSCODE_CWD', '/home/nisharu'), ('VSCODE_ESM_ENTRYPOINT', 'vs/workbench/api/node/extensionHostProcess'), ('LANGUAGE', 'en_IN:en'), ('USER', 'nisharu'), ('VSCODE_NLS_CONFIG', '{"userLocale":"en-gb","osLocale":"en-in","resolvedLanguage":"en","defaultMessagesFile":"/usr/share/code/resources/app/out/nls.messages.json","locale":"en-gb","availableLanguages":{}}'), ('VSCODE_HANDLES_UNCAUGHT_ERRORS', 'true'), ('XDG_SESSION_TYPE', 'x11'), ('LD_LIBRARY_PATH', '/usr/lib/x86_64-linux-gnu/gazebo-11/plugins:/opt/ros/humble/opt/rviz_ogre_vendor/lib:/opt/ros/humble/lib/x86_64-linux-gnu:/opt/ros/humble/lib'), ('SHLVL', '0'), ('CHROME_DESKTOP', 'code.desktop'), ('HOME', '/home/nisharu'), ('DESKTOP_SESSION', 'ubuntu'), ('GIO_LAUNCHED_DESKTOP_FILE', '/usr/share/applications/code.desktop'), ('VSCODE_IPC_HOOK', '/run/user/1000/vscode-c5326852-1.10-main.sock'), ('GNOME_SHELL_SESSION_MODE', 'ubuntu'), ('GTK_MODULES', 'gail:atk-bridge'), ('ROS_PYTHON_VERSION', '3'), ('MANAGERPID', '1819'), ('ELECTRON_NO_ASAR', '1'), ('DBUS_SESSION_BUS_ADDRESS', 'unix:path=/run/user/1000/bus'), ('SYSTEMD_EXEC_PID', '2227'), ('GIO_LAUNCHED_DESKTOP_FILE_PID', '5311'), ('VSCODE_CRASH_REPORTER_PROCESS_TYPE', 'extensionHost'), ('COLCON_PREFIX_PATH', '/home/nisharu/ros2_ws/install'), ('ROS_DISTRO', 'humble'), ('APPLICATION_INSIGHTS_NO_STATSBEAT', 'true'), ('VSCODE_L10N_BUNDLE_LOCATION', ''), ('GTK_IM_MODULE', 'ibus'), ('LOGNAME', 'nisharu'), ('JOURNAL_STREAM', '8:14081'), ('_', '/usr/share/code/code'), ('ROS_VERSION', '2'), ('XDG_SESSION_CLASS', 'user'), ('USERNAME', 'nisharu'), ('FC_FONTATIONS', '1'), ('GNOME_DESKTOP_SESSION_ID', 'this-is-deprecated'), ('ROS_LOCALHOST_ONLY', '0'), ('WINDOWPATH', '2'), ('PATH', '/opt/ros/humble/bin:/usr/local/sbin:/usr/local/bin:/usr/sbin:/usr/bin:/sbin:/bin:/usr/games:/usr/local/games:/snap/bin:/snap/bin'), ('INVOCATION_ID', '232c12000748459db56219a36b35ab36'), ('SESSION_MANAGER', 'local/nisharu-Victus-by-HP-Gaming-Laptop-15-fb3xxx:@/tmp/.ICE-unix/2200,unix/nisharu-Victus-by-HP-Gaming-Laptop-15-fb3xxx:/tmp/.ICE-unix/2200'), ('GDK_BACKEND', 'x11'), ('XDG_MENU_PREFIX', 'gnome-'), ('XDG_RUNTIME_DIR', '/run/user/1000'), ('DISPLAY', ':1'), ('LANG', 'en_IN'), ('XDG_CURRENT_DESKTOP', 'ubuntu:GNOME'), ('XAUTHORITY', '/run/user/1000/gdm/Xauthority'), ('XDG_SESSION_DESKTOP', 'ubuntu'), ('XMODIFIERS', '@im=ibus'), ('AMENT_PREFIX_PATH', '/home/nisharu/ros2_ws/install/robotic_description:/opt/ros/humble'), ('SSH_AGENT_LAUNCHER', 'gnome-keyring'), ('SSH_AUTH_SOCK', '/run/user/1000/keyring/ssh'), ('SHELL', '/bin/bash'), ('ELECTRON_RUN_AS_NODE', '1'), ('GDMSESSION', 'ubuntu'), ('QT_ACCESSIBILITY', '1'), ('LESSCLOSE', '/usr/bin/lesspipe %s %s'), ('GJS_DEBUG_OUTPUT', 'stderr'), ('GPG_AGENT_INFO', '/run/user/1000/gnupg/S.gpg-agent:0:1'), ('QT_IM_MODULE', 'ibus'), ('PWD', '/home/nisharu/ros2_ws/build/robotic_description'), ('VSCODE_CODE_CACHE_PATH', '/home/nisharu/.config/Code/CachedData/c3a26841a84f20dfe0850d0a5a9bd01da4f003ea'), ('XDG_CONFIG_DIRS', '/etc/xdg/xdg-ubuntu:/etc/xdg'), ('XDG_DATA_DIRS', '/usr/share/ubuntu:/usr/share/gnome:/usr/local/share/:/usr/share/:/var/lib/snapd/desktop'), ('PYTHONPATH', '/opt/ros/humble/lib/python3.10/site-packages:/opt/ros/humble/local/lib/python3.10/dist-packages'), ('COLCON', '1'), ('CMAKE_PREFIX_PATH', '/home/nisharu/ros2_ws/install/robotic_description:/opt/ros/humble'), ('VSCODE_PID', '5311')]), 'shell': False}
[0.040188] (robotic_description) CommandEnded: {'returncode': 0}
[0.040849] (robotic_description) JobProgress: {'identifier': 'robotic_description', 'progress': 'install'}
[0.047912] (robotic_description) Command: {'cmd': ['/usr/bin/cmake', '--install', '/home/nisharu/ros2_ws/build/robotic_description'], 'cwd': '/home/nisharu/ros2_ws/build/robotic_description', 'env': OrderedDict([('GJS_DEBUG_TOPICS', 'JS ERROR;JS LOG'), ('LESSOPEN', '| /usr/bin/lesspipe %s'), ('VSCODE_CWD', '/home/nisharu'), ('VSCODE_ESM_ENTRYPOINT', 'vs/workbench/api/node/extensionHostProcess'), ('LANGUAGE', 'en_IN:en'), ('USER', 'nisharu'), ('VSCODE_NLS_CONFIG', '{"userLocale":"en-gb","osLocale":"en-in","resolvedLanguage":"en","defaultMessagesFile":"/usr/share/code/resources/app/out/nls.messages.json","locale":"en-gb","availableLanguages":{}}'), ('VSCODE_HANDLES_UNCAUGHT_ERRORS', 'true'), ('XDG_SESSION_TYPE', 'x11'), ('LD_LIBRARY_PATH', '/usr/lib/x86_64-linux-gnu/gazebo-11/plugins:/opt/ros/humble/opt/rviz_ogre_vendor/lib:/opt/ros/humble/lib/x86_64-linux-gnu:/opt/ros/humble/lib'), ('SHLVL', '0'), ('CHROME_DESKTOP', 'code.desktop'), ('HOME', '/home/nisharu'), ('DESKTOP_SESSION', 'ubuntu'), ('GIO_LAUNCHED_DESKTOP_FILE', '/usr/share/applications/code.desktop'), ('VSCODE_IPC_HOOK', '/run/user/1000/vscode-c5326852-1.10-main.sock'), ('GNOME_SHELL_SESSION_MODE', 'ubuntu'), ('GTK_MODULES', 'gail:atk-bridge'), ('ROS_PYTHON_VERSION', '3'), ('MANAGERPID', '1819'), ('ELECTRON_NO_ASAR', '1'), ('DBUS_SESSION_BUS_ADDRESS', 'unix:path=/run/user/1000/bus'), ('SYSTEMD_EXEC_PID', '2227'), ('GIO_LAUNCHED_DESKTOP_FILE_PID', '5311'), ('VSCODE_CRASH_REPORTER_PROCESS_TYPE', 'extensionHost'), ('COLCON_PREFIX_PATH', '/home/nisharu/ros2_ws/install'), ('ROS_DISTRO', 'humble'), ('APPLICATION_INSIGHTS_NO_STATSBEAT', 'true'), ('VSCODE_L10N_BUNDLE_LOCATION', ''), ('GTK_IM_MODULE', 'ibus'), ('LOGNAME', 'nisharu'), ('JOURNAL_STREAM', '8:14081'), ('_', '/usr/share/code/code'), ('ROS_VERSION', '2'), ('XDG_SESSION_CLASS', 'user'), ('USERNAME', 'nisharu'), ('FC_FONTATIONS', '1'), ('GNOME_DESKTOP_SESSION_ID', 'this-is-deprecated'), ('ROS_LOCALHOST_ONLY', '0'), ('WINDOWPATH', '2'), ('PATH', '/opt/ros/humble/bin:/usr/local/sbin:/usr/local/bin:/usr/sbin:/usr/bin:/sbin:/bin:/usr/games:/usr/local/games:/snap/bin:/snap/bin'), ('INVOCATION_ID', '232c12000748459db56219a36b35ab36'), ('SESSION_MANAGER', 'local/nisharu-Victus-by-HP-Gaming-Laptop-15-fb3xxx:@/tmp/.ICE-unix/2200,unix/nisharu-Victus-by-HP-Gaming-Laptop-15-fb3xxx:/tmp/.ICE-unix/2200'), ('GDK_BACKEND', 'x11'), ('XDG_MENU_PREFIX', 'gnome-'), ('XDG_RUNTIME_DIR', '/run/user/1000'), ('DISPLAY', ':1'), ('LANG', 'en_IN'), ('XDG_CURRENT_DESKTOP', 'ubuntu:GNOME'), ('XAUTHORITY', '/run/user/1000/gdm/Xauthority'), ('XDG_SESSION_DESKTOP', 'ubuntu'), ('XMODIFIERS', '@im=ibus'), ('AMENT_PREFIX_PATH', '/home/nisharu/ros2_ws/install/robotic_description:/opt/ros/humble'), ('SSH_AGENT_LAUNCHER', 'gnome-keyring'), ('SSH_AUTH_SOCK', '/run/user/1000/keyring/ssh'), ('SHELL', '/bin/bash'), ('ELECTRON_RUN_AS_NODE', '1'), ('GDMSESSION', 'ubuntu'), ('QT_ACCESSIBILITY', '1'), ('LESSCLOSE', '/usr/bin/lesspipe %s %s'), ('GJS_DEBUG_OUTPUT', 'stderr'), ('GPG_AGENT_INFO', '/run/user/1000/gnupg/S.gpg-agent:0:1'), ('QT_IM_MODULE', 'ibus'), ('PWD', '/home/nisharu/ros2_ws/build/robotic_description'), ('VSCODE_CODE_CACHE_PATH', '/home/nisharu/.config/Code/CachedData/c3a26841a84f20dfe0850d0a5a9bd01da4f003ea'), ('XDG_CONFIG_DIRS', '/etc/xdg/xdg-ubuntu:/etc/xdg'), ('XDG_DATA_DIRS', '/usr/share/ubuntu:/usr/share/gnome:/usr/local/share/:/usr/share/:/var/lib/snapd/desktop'), ('PYTHONPATH', '/opt/ros/humble/lib/python3.10/site-packages:/opt/ros/humble/local/lib/python3.10/dist-packages'), ('COLCON', '1'), ('CMAKE_PREFIX_PATH', '/home/nisharu/ros2_ws/install/robotic_description:/opt/ros/humble'), ('VSCODE_PID', '5311')]), 'shell': False}
[0.054103] (robotic_description) StdoutLine: {'line': b'-- Install configuration: ""\n'}
[0.054379] (robotic_description) StdoutLine: {'line': b'-- Execute custom install script\n'}
[0.054593] (robotic_description) StdoutLine: {'line': b'-- Up-to-date symlink: /home/nisharu/ros2_ws/install/robotic_description/share/robotic_description/launch/display.launch.py\n'}
[0.054746] (robotic_description) StdoutLine: {'line': b'-- Up-to-date symlink: /home/nisharu/ros2_ws/install/robotic_description/share/robotic_description/launch/gazebo.launch.py\n'}
[0.054949] (robotic_description) StdoutLine: {'line': b'-- Up-to-date symlink: /home/nisharu/ros2_ws/install/robotic_description/share/robotic_description/urdf/Robotic.gazebo\n'}
[0.055049] (robotic_description) StdoutLine: {'line': b'-- Up-to-date symlink: /home/nisharu/ros2_ws/install/robotic_description/share/robotic_description/urdf/Robotic.trans\n'}
[0.055106] (robotic_description) StdoutLine: {'line': b'-- Up-to-date symlink: /home/nisharu/ros2_ws/install/robotic_description/share/robotic_description/urdf/Robotic.xacro\n'}
[0.055245] (robotic_description) StdoutLine: {'line': b'-- Up-to-date symlink: /home/nisharu/ros2_ws/install/robotic_description/share/robotic_description/urdf/materials.xacro\n'}
[0.055366] (robotic_description) StdoutLine: {'line': b'-- Up-to-date symlink: /home/nisharu/ros2_ws/install/robotic_description/share/robotic_description/urdf/robotic_arm.urdf\n'}
[0.055463] (robotic_description) StdoutLine: {'line': b'-- Up-to-date symlink: /home/nisharu/ros2_ws/install/robotic_description/share/robotic_description/meshes/Gripper 1_r1.stl\n'}
[0.055496] (robotic_description) StdoutLine: {'line': b'-- Up-to-date symlink: /home/nisharu/ros2_ws/install/robotic_description/share/robotic_description/meshes/Gripper Assembly_r1.f3d .stl\n'}
[0.055588] (robotic_description) StdoutLine: {'line': b'-- Up-to-date symlink: /home/nisharu/ros2_ws/install/robotic_description/share/robotic_description/meshes/Gripper base_r1.stl\n'}
[0.055688] (robotic_description) StdoutLine: {'line': b'-- Up-to-date symlink: /home/nisharu/ros2_ws/install/robotic_description/share/robotic_description/meshes/Motor Micro 9g.stl\n'}
[0.055720] (robotic_description) StdoutLine: {'line': b'-- Up-to-date symlink: /home/nisharu/ros2_ws/install/robotic_description/share/robotic_description/meshes/Motor_Micro_9g_1 (3).stl\n'}
[0.055811] (robotic_description) StdoutLine: {'line': b'-- Up-to-date symlink: /home/nisharu/ros2_ws/install/robotic_description/share/robotic_description/meshes/Motor_Micro_9g_1_1 (2).stl\n'}
[0.055906] (robotic_description) StdoutLine: {'line': b'-- Up-to-date symlink: /home/nisharu/ros2_ws/install/robotic_description/share/robotic_description/meshes/Motor_Micro_9g_1_1_1 (1).stl\n'}
[0.055967] (robotic_description) StdoutLine: {'line': b'-- Up-to-date symlink: /home/nisharu/ros2_ws/install/robotic_description/share/robotic_description/meshes/Motor_Micro_9g_1_1_1_1.stl\n'}
[0.056027] (robotic_description) StdoutLine: {'line': b'-- Up-to-date symlink: /home/nisharu/ros2_ws/install/robotic_description/share/robotic_description/meshes/Motor_Micro_9g_1_1__1__1.stl\n'}
[0.056087] (robotic_description) StdoutLine: {'line': b'-- Up-to-date symlink: /home/nisharu/ros2_ws/install/robotic_description/share/robotic_description/meshes/Motor_Micro_9g_1__1__1 (1).stl\n'}
[0.056179] (robotic_description) StdoutLine: {'line': b'-- Up-to-date symlink: /home/nisharu/ros2_ws/install/robotic_description/share/robotic_description/meshes/Motor_Micro_9g_1__1__1_1.stl\n'}
[0.056238] (robotic_description) StdoutLine: {'line': b'-- Up-to-date symlink: /home/nisharu/ros2_ws/install/robotic_description/share/robotic_description/meshes/Motor_Micro_9g_1__2__1.stl\n'}
[0.056264] (robotic_description) StdoutLine: {'line': b'-- Up-to-date symlink: /home/nisharu/ros2_ws/install/robotic_description/share/robotic_description/meshes/Servo Motor MG996R.stl\n'}
[0.056292] (robotic_description) StdoutLine: {'line': b'-- Up-to-date symlink: /home/nisharu/ros2_ws/install/robotic_description/share/robotic_description/meshes/Servo Motor Micro  9g.stl\n'}
[0.056318] (robotic_description) StdoutLine: {'line': b'-- Up-to-date symlink: /home/nisharu/ros2_ws/install/robotic_description/share/robotic_description/meshes/base_link (1).stl\n'}
[0.056344] (robotic_description) StdoutLine: {'line': b'-- Up-to-date symlink: /home/nisharu/ros2_ws/install/robotic_description/share/robotic_description/meshes/forearm_link.stl\n'}
[0.056375] (robotic_description) StdoutLine: {'line': b'-- Up-to-date symlink: /home/nisharu/ros2_ws/install/robotic_description/share/robotic_description/meshes/gear1_r1.stl\n'}
[0.056409] (robotic_description) StdoutLine: {'line': b'-- Up-to-date symlink: /home/nisharu/ros2_ws/install/robotic_description/share/robotic_description/meshes/gear2_r1.stl\n'}
[0.056496] (robotic_description) StdoutLine: {'line': b'-- Up-to-date symlink: /home/nisharu/ros2_ws/install/robotic_description/share/robotic_description/meshes/grip link 1_r1.stl\n'}
[0.056534] (robotic_description) StdoutLine: {'line': b'-- Up-to-date symlink: /home/nisharu/ros2_ws/install/robotic_description/share/robotic_description/meshes/shoulder_link.stl\n'}
[0.056565] (robotic_description) StdoutLine: {'line': b'-- Up-to-date symlink: /home/nisharu/ros2_ws/install/robotic_description/share/robotic_description/meshes/upper_arm_link.stl\n'}
[0.056594] (robotic_description) StdoutLine: {'line': b'-- Up-to-date symlink: /home/nisharu/ros2_ws/install/robotic_description/share/robotic_description/meshes/wrist_link.stl\n'}
[0.056654] (robotic_description) StdoutLine: {'line': b'-- Up-to-date symlink: /home/nisharu/ros2_ws/install/robotic_description/share/ament_index/resource_index/package_run_dependencies/robotic_description\n'}
[0.056693] (robotic_description) StdoutLine: {'line': b'-- Up-to-date symlink: /home/nisharu/ros2_ws/install/robotic_description/share/ament_index/resource_index/parent_prefix_path/robotic_description\n'}
[0.056747] (robotic_description) StdoutLine: {'line': b'-- Up-to-date symlink: /home/nisharu/ros2_ws/install/robotic_description/share/robotic_description/environment/ament_prefix_path.sh\n'}
[0.056810] (robotic_description) StdoutLine: {'line': b'-- Up-to-date symlink: /home/nisharu/ros2_ws/install/robotic_description/share/robotic_description/environment/ament_prefix_path.dsv\n'}
[0.056889] (robotic_description) StdoutLine: {'line': b'-- Up-to-date symlink: /home/nisharu/ros2_ws/install/robotic_description/share/robotic_description/environment/path.sh\n'}
[0.056950] (robotic_description) StdoutLine: {'line': b'-- Up-to-date symlink: /home/nisharu/ros2_ws/install/robotic_description/share/robotic_description/environment/path.dsv\n'}
[0.057026] (robotic_description) StdoutLine: {'line': b'-- Up-to-date symlink: /home/nisharu/ros2_ws/install/robotic_description/share/robotic_description/local_setup.bash\n'}
[0.057099] (robotic_description) StdoutLine: {'line': b'-- Up-to-date symlink: /home/nisharu/ros2_ws/install/robotic_description/share/robotic_description/local_setup.sh\n'}
[0.057172] (robotic_description) StdoutLine: {'line': b'-- Up-to-date symlink: /home/nisharu/ros2_ws/install/robotic_description/share/robotic_description/local_setup.zsh\n'}
[0.057241] (robotic_description) StdoutLine: {'line': b'-- Up-to-date symlink: /home/nisharu/ros2_ws/install/robotic_description/share/robotic_description/local_setup.dsv\n'}
[0.057298] (robotic_description) StdoutLine: {'line': b'-- Symlinking: /home/nisharu/ros2_ws/install/robotic_description/share/robotic_description/package.dsv\n'}
[0.066053] (robotic_description) StdoutLine: {'line': b'-- Up-to-date symlink: /home/nisharu/ros2_ws/install/robotic_description/share/ament_index/resource_index/packages/robotic_description\n'}
[0.066223] (robotic_description) StdoutLine: {'line': b'-- Up-to-date symlink: /home/nisharu/ros2_ws/install/robotic_description/share/robotic_description/cmake/robotic_descriptionConfig.cmake\n'}
[0.066259] (robotic_description) StdoutLine: {'line': b'-- Up-to-date symlink: /home/nisharu/ros2_ws/install/robotic_description/share/robotic_description/cmake/robotic_descriptionConfig-version.cmake\n'}
[0.066290] (robotic_description) StdoutLine: {'line': b'-- Up-to-date symlink: /home/nisharu/ros2_ws/install/robotic_description/share/robotic_description/package.xml\n'}
[0.067315] (robotic_description) CommandEnded: {'returncode': 0}
[0.076947] (robotic_description) JobEnded: {'identifier': 'robotic_description', 'rc': 0}
[0.077369] (-) EventReactorShutdown: {}
