[0.398s] Invoking command in '/home/nisharu/ros2_ws/src/robotic_control': PYTHONPATH=/home/nisharu/ros2_ws/build/robotic_control/prefix_override:/usr/lib/python3/dist-packages/colcon_core/task/python/colcon_distutils_commands:/home/nisharu/ros2_ws/install/robotic_control/lib/python3.10/site-packages:${PYTHONPATH} /usr/bin/python3 -W ignore:setup.py install is deprecated -W ignore:easy_install command is deprecated setup.py egg_info --egg-base ../../build/robotic_control build --build-base /home/nisharu/ros2_ws/build/robotic_control/build install --record /home/nisharu/ros2_ws/build/robotic_control/install.log --single-version-externally-managed install_data
[0.552s] running egg_info
[0.553s] writing ../../build/robotic_control/robotic_control.egg-info/PKG-INFO
[0.553s] writing dependency_links to ../../build/robotic_control/robotic_control.egg-info/dependency_links.txt
[0.554s] writing entry points to ../../build/robotic_control/robotic_control.egg-info/entry_points.txt
[0.554s] writing requirements to ../../build/robotic_control/robotic_control.egg-info/requires.txt
[0.554s] writing top-level names to ../../build/robotic_control/robotic_control.egg-info/top_level.txt
[0.556s] reading manifest file '../../build/robotic_control/robotic_control.egg-info/SOURCES.txt'
[0.556s] writing manifest file '../../build/robotic_control/robotic_control.egg-info/SOURCES.txt'
[0.556s] running build
[0.556s] running build_py
[0.556s] copying scripts/gripper_monitor.py -> /home/nisharu/ros2_ws/build/robotic_control/build/lib/scripts
[0.556s] copying scripts/adaptive_grip_controller.py -> /home/nisharu/ros2_ws/build/robotic_control/build/lib/scripts
[0.557s] copying scripts/fsr_gazebo_sync.py -> /home/nisharu/ros2_ws/build/robotic_control/build/lib/scripts
[0.557s] copying scripts/data_exporter.py -> /home/nisharu/ros2_ws/build/robotic_control/build/lib/scripts
[0.557s] running install
[0.557s] running install_lib
[0.558s] copying /home/nisharu/ros2_ws/build/robotic_control/build/lib/scripts/gripper_monitor.py -> /home/nisharu/ros2_ws/install/robotic_control/lib/python3.10/site-packages/scripts
[0.558s] copying /home/nisharu/ros2_ws/build/robotic_control/build/lib/scripts/adaptive_grip_controller.py -> /home/nisharu/ros2_ws/install/robotic_control/lib/python3.10/site-packages/scripts
[0.558s] copying /home/nisharu/ros2_ws/build/robotic_control/build/lib/scripts/fsr_gazebo_sync.py -> /home/nisharu/ros2_ws/install/robotic_control/lib/python3.10/site-packages/scripts
[0.558s] copying /home/nisharu/ros2_ws/build/robotic_control/build/lib/scripts/data_exporter.py -> /home/nisharu/ros2_ws/install/robotic_control/lib/python3.10/site-packages/scripts
[0.559s] byte-compiling /home/nisharu/ros2_ws/install/robotic_control/lib/python3.10/site-packages/scripts/gripper_monitor.py to gripper_monitor.cpython-310.pyc
[0.561s] byte-compiling /home/nisharu/ros2_ws/install/robotic_control/lib/python3.10/site-packages/scripts/adaptive_grip_controller.py to adaptive_grip_controller.cpython-310.pyc
[0.562s] byte-compiling /home/nisharu/ros2_ws/install/robotic_control/lib/python3.10/site-packages/scripts/fsr_gazebo_sync.py to fsr_gazebo_sync.cpython-310.pyc
[0.562s] byte-compiling /home/nisharu/ros2_ws/install/robotic_control/lib/python3.10/site-packages/scripts/data_exporter.py to data_exporter.cpython-310.pyc
[0.563s] running install_data
[0.563s] running install_egg_info
[0.564s] removing '/home/nisharu/ros2_ws/install/robotic_control/lib/python3.10/site-packages/robotic_control-0.0.0-py3.10.egg-info' (and everything under it)
[0.564s] Copying ../../build/robotic_control/robotic_control.egg-info to /home/nisharu/ros2_ws/install/robotic_control/lib/python3.10/site-packages/robotic_control-0.0.0-py3.10.egg-info
[0.565s] running install_scripts
[0.580s] Installing adaptive_grip_controller script to /home/nisharu/ros2_ws/install/robotic_control/lib/robotic_control
[0.580s] Installing data_exporter script to /home/nisharu/ros2_ws/install/robotic_control/lib/robotic_control
[0.580s] Installing fake_sensor_publisher script to /home/nisharu/ros2_ws/install/robotic_control/lib/robotic_control
[0.580s] Installing fsr_gazebo_sync script to /home/nisharu/ros2_ws/install/robotic_control/lib/robotic_control
[0.580s] Installing fsr_serial_bridge script to /home/nisharu/ros2_ws/install/robotic_control/lib/robotic_control
[0.580s] Installing gazebo_contact_bridge script to /home/nisharu/ros2_ws/install/robotic_control/lib/robotic_control
[0.581s] Installing gripper_monitor script to /home/nisharu/ros2_ws/install/robotic_control/lib/robotic_control
[0.581s] writing list of installed files to '/home/nisharu/ros2_ws/build/robotic_control/install.log'
[0.597s] Invoked command in '/home/nisharu/ros2_ws/src/robotic_control' returned '0': PYTHONPATH=/home/nisharu/ros2_ws/build/robotic_control/prefix_override:/usr/lib/python3/dist-packages/colcon_core/task/python/colcon_distutils_commands:/home/nisharu/ros2_ws/install/robotic_control/lib/python3.10/site-packages:${PYTHONPATH} /usr/bin/python3 -W ignore:setup.py install is deprecated -W ignore:easy_install command is deprecated setup.py egg_info --egg-base ../../build/robotic_control build --build-base /home/nisharu/ros2_ws/build/robotic_control/build install --record /home/nisharu/ros2_ws/build/robotic_control/install.log --single-version-externally-managed install_data
