/home/nisharu/ros2_ws/install/robotic_control/lib/python3.10/site-packages/scripts/gripper_monitor.py
/home/nisharu/ros2_ws/install/robotic_control/lib/python3.10/site-packages/scripts/fake_sensor_publisher.py
/home/nisharu/ros2_ws/install/robotic_control/lib/python3.10/site-packages/scripts/__init__.py
/home/nisharu/ros2_ws/install/robotic_control/lib/python3.10/site-packages/scripts/adaptive_grip_controller.py
/home/nisharu/ros2_ws/install/robotic_control/lib/python3.10/site-packages/scripts/fsr_gazebo_sync.py
/home/nisharu/ros2_ws/install/robotic_control/lib/python3.10/site-packages/scripts/fsr_serial_bridge.py
/home/nisharu/ros2_ws/install/robotic_control/lib/python3.10/site-packages/scripts/gazebo_contact_bridge.py
/home/nisharu/ros2_ws/install/robotic_control/lib/python3.10/site-packages/scripts/data_exporter.py
/home/nisharu/ros2_ws/install/robotic_control/lib/python3.10/site-packages/scripts/__pycache__/gripper_monitor.cpython-310.pyc
/home/nisharu/ros2_ws/install/robotic_control/lib/python3.10/site-packages/scripts/__pycache__/fake_sensor_publisher.cpython-310.pyc
/home/nisharu/ros2_ws/install/robotic_control/lib/python3.10/site-packages/scripts/__pycache__/__init__.cpython-310.pyc
/home/nisharu/ros2_ws/install/robotic_control/lib/python3.10/site-packages/scripts/__pycache__/adaptive_grip_controller.cpython-310.pyc
/home/nisharu/ros2_ws/install/robotic_control/lib/python3.10/site-packages/scripts/__pycache__/fsr_gazebo_sync.cpython-310.pyc
/home/nisharu/ros2_ws/install/robotic_control/lib/python3.10/site-packages/scripts/__pycache__/fsr_serial_bridge.cpython-310.pyc
/home/nisharu/ros2_ws/install/robotic_control/lib/python3.10/site-packages/scripts/__pycache__/gazebo_contact_bridge.cpython-310.pyc
/home/nisharu/ros2_ws/install/robotic_control/lib/python3.10/site-packages/scripts/__pycache__/data_exporter.cpython-310.pyc
/home/nisharu/ros2_ws/install/robotic_control/share/ament_index/resource_index/packages/robotic_control
/home/nisharu/ros2_ws/install/robotic_control/share/robotic_control/package.xml
/home/nisharu/ros2_ws/install/robotic_control/share/robotic_control/launch/phase2_hardware.launch.py
/home/nisharu/ros2_ws/install/robotic_control/share/robotic_control/launch/rosbridge_websocket.launch.py
/home/nisharu/ros2_ws/install/robotic_control/share/robotic_control/launch/phase1_simulation.launch.py
/home/nisharu/ros2_ws/install/robotic_control/share/robotic_control/config/gripper_params.yaml
/home/nisharu/ros2_ws/install/robotic_control/lib/python3.10/site-packages/robotic_control-0.0.0-py3.10.egg-info/requires.txt
/home/nisharu/ros2_ws/install/robotic_control/lib/python3.10/site-packages/robotic_control-0.0.0-py3.10.egg-info/dependency_links.txt
/home/nisharu/ros2_ws/install/robotic_control/lib/python3.10/site-packages/robotic_control-0.0.0-py3.10.egg-info/PKG-INFO
/home/nisharu/ros2_ws/install/robotic_control/lib/python3.10/site-packages/robotic_control-0.0.0-py3.10.egg-info/SOURCES.txt
/home/nisharu/ros2_ws/install/robotic_control/lib/python3.10/site-packages/robotic_control-0.0.0-py3.10.egg-info/entry_points.txt
/home/nisharu/ros2_ws/install/robotic_control/lib/python3.10/site-packages/robotic_control-0.0.0-py3.10.egg-info/zip-safe
/home/nisharu/ros2_ws/install/robotic_control/lib/python3.10/site-packages/robotic_control-0.0.0-py3.10.egg-info/top_level.txt
/home/nisharu/ros2_ws/install/robotic_control/lib/robotic_control/adaptive_grip_controller
/home/nisharu/ros2_ws/install/robotic_control/lib/robotic_control/data_exporter
/home/nisharu/ros2_ws/install/robotic_control/lib/robotic_control/fake_sensor_publisher
/home/nisharu/ros2_ws/install/robotic_control/lib/robotic_control/fsr_gazebo_sync
/home/nisharu/ros2_ws/install/robotic_control/lib/robotic_control/fsr_serial_bridge
/home/nisharu/ros2_ws/install/robotic_control/lib/robotic_control/gazebo_contact_bridge
/home/nisharu/ros2_ws/install/robotic_control/lib/robotic_control/gripper_monitor
