[0.008s] Invoking command in '/home/nisharu/ros2_ws/build/robotic_description': CMAKE_PREFIX_PATH=${CMAKE_PREFIX_PATH}:/opt/ros/humble /usr/bin/cmake /home/nisharu/ros2_ws/src/robotic_description -DCMAKE_INSTALL_PREFIX=/home/nisharu/ros2_ws/install/robotic_description
[0.050s] -- The C compiler identification is GNU 11.4.0
[0.090s] -- The CXX compiler identification is GNU 11.4.0
[0.095s] -- Detecting C compiler ABI info
[0.151s] -- Detecting C compiler ABI info - done
[0.155s] -- Check for working C compiler: /usr/bin/cc - skipped
[0.155s] -- Detecting C compile features
[0.155s] -- Detecting C compile features - done
[0.157s] -- Detecting CXX compiler ABI info
[0.220s] -- Detecting CXX compiler ABI info - done
[0.224s] -- Check for working CXX compiler: /usr/bin/c++ - skipped
[0.224s] -- Detecting CXX compile features
[0.224s] -- Detecting CXX compile features - done
[0.225s] -- Found ament_cmake: 1.3.12 (/opt/ros/humble/share/ament_cmake/cmake)
[0.321s] -- Found Python3: /usr/bin/python3 (found version "3.10.12") found components: Interpreter 
[0.418s] -- Configuring done
[0.420s] -- Generating done
[0.421s] -- Build files have been written to: /home/nisharu/ros2_ws/build/robotic_description
[0.426s] Invoked command in '/home/nisharu/ros2_ws/build/robotic_description' returned '0': CMAKE_PREFIX_PATH=${CMAKE_PREFIX_PATH}:/opt/ros/humble /usr/bin/cmake /home/nisharu/ros2_ws/src/robotic_description -DCMAKE_INSTALL_PREFIX=/home/nisharu/ros2_ws/install/robotic_description
[0.427s] Invoking command in '/home/nisharu/ros2_ws/build/robotic_description': CMAKE_PREFIX_PATH=${CMAKE_PREFIX_PATH}:/opt/ros/humble /usr/bin/cmake --build /home/nisharu/ros2_ws/build/robotic_description -- -j12 -l12
[0.461s] Invoked command in '/home/nisharu/ros2_ws/build/robotic_description' returned '0': CMAKE_PREFIX_PATH=${CMAKE_PREFIX_PATH}:/opt/ros/humble /usr/bin/cmake --build /home/nisharu/ros2_ws/build/robotic_description -- -j12 -l12
[0.469s] Invoking command in '/home/nisharu/ros2_ws/build/robotic_description': CMAKE_PREFIX_PATH=${CMAKE_PREFIX_PATH}:/opt/ros/humble /usr/bin/cmake --install /home/nisharu/ros2_ws/build/robotic_description
[0.473s] -- Install configuration: ""
[0.473s] -- Installing: /home/nisharu/ros2_ws/install/robotic_description/share/robotic_description/launch
[0.474s] -- Installing: /home/nisharu/ros2_ws/install/robotic_description/share/robotic_description/launch/gazebo.launch.py
[0.474s] -- Installing: /home/nisharu/ros2_ws/install/robotic_description/share/robotic_description/launch/display.launch.py
[0.474s] -- Installing: /home/nisharu/ros2_ws/install/robotic_description/share/robotic_description/urdf
[0.474s] -- Installing: /home/nisharu/ros2_ws/install/robotic_description/share/robotic_description/urdf/Robotic.gazebo
[0.474s] -- Installing: /home/nisharu/ros2_ws/install/robotic_description/share/robotic_description/urdf/Robotic.xacro
[0.474s] -- Installing: /home/nisharu/ros2_ws/install/robotic_description/share/robotic_description/urdf/Robotic.trans
[0.474s] -- Installing: /home/nisharu/ros2_ws/install/robotic_description/share/robotic_description/urdf/materials.xacro
[0.474s] -- Installing: /home/nisharu/ros2_ws/install/robotic_description/share/robotic_description/meshes
[0.474s] -- Installing: /home/nisharu/ros2_ws/install/robotic_description/share/robotic_description/meshes/Motor_Micro_9g_1_1_1 (1).stl
[0.474s] -- Installing: /home/nisharu/ros2_ws/install/robotic_description/share/robotic_description/meshes/Gripper 1_r1.stl
[0.474s] -- Installing: /home/nisharu/ros2_ws/install/robotic_description/share/robotic_description/meshes/Servo Motor MG996R.stl
[0.474s] -- Installing: /home/nisharu/ros2_ws/install/robotic_description/share/robotic_description/meshes/wrist_link.stl
[0.475s] -- Installing: /home/nisharu/ros2_ws/install/robotic_description/share/robotic_description/meshes/Motor_Micro_9g_1 (3).stl
[0.475s] -- Installing: /home/nisharu/ros2_ws/install/robotic_description/share/robotic_description/meshes/shoulder_link.stl
[0.476s] -- Installing: /home/nisharu/ros2_ws/install/robotic_description/share/robotic_description/meshes/upper_arm_link.stl
[0.477s] -- Installing: /home/nisharu/ros2_ws/install/robotic_description/share/robotic_description/meshes/Motor_Micro_9g_1__2__1.stl
[0.477s] -- Installing: /home/nisharu/ros2_ws/install/robotic_description/share/robotic_description/meshes/Motor_Micro_9g_1_1__1__1.stl
[0.477s] -- Installing: /home/nisharu/ros2_ws/install/robotic_description/share/robotic_description/meshes/Gripper base_r1.stl
[0.478s] -- Installing: /home/nisharu/ros2_ws/install/robotic_description/share/robotic_description/meshes/grip link 1_r1.stl
[0.478s] -- Installing: /home/nisharu/ros2_ws/install/robotic_description/share/robotic_description/meshes/Gripper Assembly_r1.f3d .stl
[0.478s] -- Installing: /home/nisharu/ros2_ws/install/robotic_description/share/robotic_description/meshes/Motor_Micro_9g_1_1_1_1.stl
[0.478s] -- Installing: /home/nisharu/ros2_ws/install/robotic_description/share/robotic_description/meshes/base_link (1).stl
[0.478s] -- Installing: /home/nisharu/ros2_ws/install/robotic_description/share/robotic_description/meshes/gear1_r1.stl
[0.479s] -- Installing: /home/nisharu/ros2_ws/install/robotic_description/share/robotic_description/meshes/Motor_Micro_9g_1__1__1 (1).stl
[0.479s] -- Installing: /home/nisharu/ros2_ws/install/robotic_description/share/robotic_description/meshes/Servo Motor Micro  9g.stl
[0.479s] -- Installing: /home/nisharu/ros2_ws/install/robotic_description/share/robotic_description/meshes/Motor_Micro_9g_1__1__1_1.stl
[0.479s] -- Installing: /home/nisharu/ros2_ws/install/robotic_description/share/robotic_description/meshes/Motor_Micro_9g_1_1 (2).stl
[0.479s] -- Installing: /home/nisharu/ros2_ws/install/robotic_description/share/robotic_description/meshes/forearm_link.stl
[0.480s] -- Installing: /home/nisharu/ros2_ws/install/robotic_description/share/robotic_description/meshes/Motor Micro 9g.stl
[0.480s] -- Installing: /home/nisharu/ros2_ws/install/robotic_description/share/robotic_description/meshes/gear2_r1.stl
[0.480s] -- Installing: /home/nisharu/ros2_ws/install/robotic_description/share/ament_index/resource_index/package_run_dependencies/robotic_description
[0.480s] -- Installing: /home/nisharu/ros2_ws/install/robotic_description/share/ament_index/resource_index/parent_prefix_path/robotic_description
[0.480s] -- Installing: /home/nisharu/ros2_ws/install/robotic_description/share/robotic_description/environment/ament_prefix_path.sh
[0.481s] -- Installing: /home/nisharu/ros2_ws/install/robotic_description/share/robotic_description/environment/ament_prefix_path.dsv
[0.481s] -- Installing: /home/nisharu/ros2_ws/install/robotic_description/share/robotic_description/environment/path.sh
[0.481s] -- Installing: /home/nisharu/ros2_ws/install/robotic_description/share/robotic_description/environment/path.dsv
[0.481s] -- Installing: /home/nisharu/ros2_ws/install/robotic_description/share/robotic_description/local_setup.bash
[0.481s] -- Installing: /home/nisharu/ros2_ws/install/robotic_description/share/robotic_description/local_setup.sh
[0.481s] -- Installing: /home/nisharu/ros2_ws/install/robotic_description/share/robotic_description/local_setup.zsh
[0.481s] -- Installing: /home/nisharu/ros2_ws/install/robotic_description/share/robotic_description/local_setup.dsv
[0.482s] -- Installing: /home/nisharu/ros2_ws/install/robotic_description/share/robotic_description/package.dsv
[0.482s] -- Installing: /home/nisharu/ros2_ws/install/robotic_description/share/ament_index/resource_index/packages/robotic_description
[0.482s] -- Installing: /home/nisharu/ros2_ws/install/robotic_description/share/robotic_description/cmake/robotic_descriptionConfig.cmake
[0.482s] -- Installing: /home/nisharu/ros2_ws/install/robotic_description/share/robotic_description/cmake/robotic_descriptionConfig-version.cmake
[0.482s] -- Installing: /home/nisharu/ros2_ws/install/robotic_description/share/robotic_description/package.xml
[0.484s] Invoked command in '/home/nisharu/ros2_ws/build/robotic_description' returned '0': CMAKE_PREFIX_PATH=${CMAKE_PREFIX_PATH}:/opt/ros/humble /usr/bin/cmake --install /home/nisharu/ros2_ws/build/robotic_description
