[0.133s] DEBUG:colcon:Command line arguments: ['/usr/bin/colcon', 'build', '--packages-select', 'adaptive_gripper_description']
[0.133s] DEBUG:colcon:Parsed command line arguments: Namespace(log_base=None, log_level=None, verb_name='build', build_base='build', install_base='install', merge_install=False, symlink_install=False, test_result_base=None, continue_on_error=False, executor='parallel', parallel_workers=12, event_handlers=None, ignore_user_meta=False, metas=['./colcon.meta'], base_paths=['.'], packages_ignore=None, packages_ignore_regex=None, paths=None, packages_up_to=None, packages_up_to_regex=None, packages_above=None, packages_above_and_dependencies=None, packages_above_depth=None, packages_select_by_dep=None, packages_skip_by_dep=None, packages_skip_up_to=None, packages_select_build_failed=False, packages_skip_build_finished=False, packages_select_test_failures=False, packages_skip_test_passed=False, packages_select=['adaptive_gripper_description'], packages_skip=None, packages_select_regex=None, packages_skip_regex=None, packages_start=None, packages_end=None, allow_overriding=[], cmake_args=None, cmake_target=None, cmake_target_skip_unavailable=False, cmake_clean_cache=False, cmake_clean_first=False, cmake_force_configure=False, ament_cmake_args=None, catkin_cmake_args=None, catkin_skip_building_tests=False, verb_parser=<colcon_defaults.argument_parser.defaults.DefaultArgumentsDecorator object at 0x7c350041f340>, verb_extension=<colcon_core.verb.build.BuildVerb object at 0x7c350041ee60>, main=<bound method BuildVerb.main of <colcon_core.verb.build.BuildVerb object at 0x7c350041ee60>>)
[0.364s] Level 1:colcon.colcon_core.package_discovery:discover_packages(colcon_meta) check parameters
[0.364s] Level 1:colcon.colcon_core.package_discovery:discover_packages(recursive) check parameters
[0.365s] Level 1:colcon.colcon_core.package_discovery:discover_packages(ignore) check parameters
[0.365s] Level 1:colcon.colcon_core.package_discovery:discover_packages(path) check parameters
[0.365s] Level 1:colcon.colcon_core.package_discovery:discover_packages(colcon_meta) discover
[0.365s] Level 1:colcon.colcon_core.package_discovery:discover_packages(recursive) discover
[0.365s] INFO:colcon.colcon_core.package_discovery:Crawling recursively for packages in '/home/nisharu/ros2_ws'
[0.365s] Level 1:colcon.colcon_core.package_identification:_identify(.) by extensions ['ignore', 'ignore_ament_install']
[0.365s] Level 1:colcon.colcon_core.package_identification:_identify(.) by extension 'ignore'
[0.365s] Level 1:colcon.colcon_core.package_identification:_identify(.) by extension 'ignore_ament_install'
[0.365s] Level 1:colcon.colcon_core.package_identification:_identify(.) by extensions ['colcon_pkg']
[0.365s] Level 1:colcon.colcon_core.package_identification:_identify(.) by extension 'colcon_pkg'
[0.365s] Level 1:colcon.colcon_core.package_identification:_identify(.) by extensions ['colcon_meta']
[0.365s] Level 1:colcon.colcon_core.package_identification:_identify(.) by extension 'colcon_meta'
[0.365s] Level 1:colcon.colcon_core.package_identification:_identify(.) by extensions ['ros']
[0.365s] Level 1:colcon.colcon_core.package_identification:_identify(.) by extension 'ros'
[0.379s] Level 1:colcon.colcon_core.package_identification:_identify(.) by extensions ['cmake', 'python']
[0.379s] Level 1:colcon.colcon_core.package_identification:_identify(.) by extension 'cmake'
[0.379s] Level 1:colcon.colcon_core.package_identification:_identify(.) by extension 'python'
[0.379s] Level 1:colcon.colcon_core.package_identification:_identify(.) by extensions ['python_setup_py']
[0.379s] Level 1:colcon.colcon_core.package_identification:_identify(.) by extension 'python_setup_py'
[0.379s] Level 1:colcon.colcon_core.package_identification:_identify(build) by extensions ['ignore', 'ignore_ament_install']
[0.379s] Level 1:colcon.colcon_core.package_identification:_identify(build) by extension 'ignore'
[0.379s] Level 1:colcon.colcon_core.package_identification:_identify(build) ignored
[0.380s] Level 1:colcon.colcon_core.package_identification:_identify(install) by extensions ['ignore', 'ignore_ament_install']
[0.380s] Level 1:colcon.colcon_core.package_identification:_identify(install) by extension 'ignore'
[0.380s] Level 1:colcon.colcon_core.package_identification:_identify(install) ignored
[0.380s] Level 1:colcon.colcon_core.package_identification:_identify(log) by extensions ['ignore', 'ignore_ament_install']
[0.380s] Level 1:colcon.colcon_core.package_identification:_identify(log) by extension 'ignore'
[0.380s] Level 1:colcon.colcon_core.package_identification:_identify(log) ignored
[0.380s] Level 1:colcon.colcon_core.package_identification:_identify(src) by extensions ['ignore', 'ignore_ament_install']
[0.380s] Level 1:colcon.colcon_core.package_identification:_identify(src) by extension 'ignore'
[0.380s] Level 1:colcon.colcon_core.package_identification:_identify(src) by extension 'ignore_ament_install'
[0.380s] Level 1:colcon.colcon_core.package_identification:_identify(src) by extensions ['colcon_pkg']
[0.380s] Level 1:colcon.colcon_core.package_identification:_identify(src) by extension 'colcon_pkg'
[0.380s] Level 1:colcon.colcon_core.package_identification:_identify(src) by extensions ['colcon_meta']
[0.380s] Level 1:colcon.colcon_core.package_identification:_identify(src) by extension 'colcon_meta'
[0.380s] Level 1:colcon.colcon_core.package_identification:_identify(src) by extensions ['ros']
[0.380s] Level 1:colcon.colcon_core.package_identification:_identify(src) by extension 'ros'
[0.380s] Level 1:colcon.colcon_core.package_identification:_identify(src) by extensions ['cmake', 'python']
[0.380s] Level 1:colcon.colcon_core.package_identification:_identify(src) by extension 'cmake'
[0.380s] Level 1:colcon.colcon_core.package_identification:_identify(src) by extension 'python'
[0.380s] Level 1:colcon.colcon_core.package_identification:_identify(src) by extensions ['python_setup_py']
[0.380s] Level 1:colcon.colcon_core.package_identification:_identify(src) by extension 'python_setup_py'
[0.380s] Level 1:colcon.colcon_core.package_identification:_identify(src/adaptive_gripper_description) by extensions ['ignore', 'ignore_ament_install']
[0.381s] Level 1:colcon.colcon_core.package_identification:_identify(src/adaptive_gripper_description) by extension 'ignore'
[0.381s] Level 1:colcon.colcon_core.package_identification:_identify(src/adaptive_gripper_description) by extension 'ignore_ament_install'
[0.381s] Level 1:colcon.colcon_core.package_identification:_identify(src/adaptive_gripper_description) by extensions ['colcon_pkg']
[0.381s] Level 1:colcon.colcon_core.package_identification:_identify(src/adaptive_gripper_description) by extension 'colcon_pkg'
[0.381s] Level 1:colcon.colcon_core.package_identification:_identify(src/adaptive_gripper_description) by extensions ['colcon_meta']
[0.381s] Level 1:colcon.colcon_core.package_identification:_identify(src/adaptive_gripper_description) by extension 'colcon_meta'
[0.381s] Level 1:colcon.colcon_core.package_identification:_identify(src/adaptive_gripper_description) by extensions ['ros']
[0.381s] Level 1:colcon.colcon_core.package_identification:_identify(src/adaptive_gripper_description) by extension 'ros'
[0.384s] DEBUG:colcon.colcon_core.package_identification:Package 'src/adaptive_gripper_description' with type 'ros.ament_cmake' and name 'adaptive_gripper_description'
[0.384s] Level 1:colcon.colcon_core.package_identification:_identify(src/robotic_description) by extensions ['ignore', 'ignore_ament_install']
[0.385s] Level 1:colcon.colcon_core.package_identification:_identify(src/robotic_description) by extension 'ignore'
[0.385s] Level 1:colcon.colcon_core.package_identification:_identify(src/robotic_description) by extension 'ignore_ament_install'
[0.385s] Level 1:colcon.colcon_core.package_identification:_identify(src/robotic_description) by extensions ['colcon_pkg']
[0.385s] Level 1:colcon.colcon_core.package_identification:_identify(src/robotic_description) by extension 'colcon_pkg'
[0.385s] Level 1:colcon.colcon_core.package_identification:_identify(src/robotic_description) by extensions ['colcon_meta']
[0.385s] Level 1:colcon.colcon_core.package_identification:_identify(src/robotic_description) by extension 'colcon_meta'
[0.385s] Level 1:colcon.colcon_core.package_identification:_identify(src/robotic_description) by extensions ['ros']
[0.385s] Level 1:colcon.colcon_core.package_identification:_identify(src/robotic_description) by extension 'ros'
[0.385s] DEBUG:colcon.colcon_core.package_identification:Package 'src/robotic_description' with type 'ros.ament_cmake' and name 'robotic_description'
[0.386s] Level 1:colcon.colcon_core.package_discovery:discover_packages(recursive) using defaults
[0.386s] Level 1:colcon.colcon_core.package_discovery:discover_packages(ignore) discover
[0.386s] Level 1:colcon.colcon_core.package_discovery:discover_packages(ignore) using defaults
[0.386s] Level 1:colcon.colcon_core.package_discovery:discover_packages(path) discover
[0.386s] Level 1:colcon.colcon_core.package_discovery:discover_packages(path) using defaults
[0.410s] INFO:colcon.colcon_core.package_selection:Skipping not selected package 'robotic_description' in 'src/robotic_description'
[0.410s] Level 1:colcon.colcon_core.package_discovery:discover_packages(prefix_path) check parameters
[0.410s] Level 1:colcon.colcon_core.package_discovery:discover_packages(prefix_path) discover
[0.413s] DEBUG:colcon.colcon_installed_package_information.package_discovery:Found 1 installed packages in /home/nisharu/ros2_ws/install
[0.414s] DEBUG:colcon.colcon_installed_package_information.package_discovery:Found 282 installed packages in /opt/ros/humble
[0.416s] Level 1:colcon.colcon_core.package_discovery:discover_packages(prefix_path) using defaults
[0.462s] Level 5:colcon.colcon_core.verb:set package 'adaptive_gripper_description' build argument 'cmake_args' from command line to 'None'
[0.462s] Level 5:colcon.colcon_core.verb:set package 'adaptive_gripper_description' build argument 'cmake_target' from command line to 'None'
[0.462s] Level 5:colcon.colcon_core.verb:set package 'adaptive_gripper_description' build argument 'cmake_target_skip_unavailable' from command line to 'False'
[0.462s] Level 5:colcon.colcon_core.verb:set package 'adaptive_gripper_description' build argument 'cmake_clean_cache' from command line to 'False'
[0.462s] Level 5:colcon.colcon_core.verb:set package 'adaptive_gripper_description' build argument 'cmake_clean_first' from command line to 'False'
[0.463s] Level 5:colcon.colcon_core.verb:set package 'adaptive_gripper_description' build argument 'cmake_force_configure' from command line to 'False'
[0.463s] Level 5:colcon.colcon_core.verb:set package 'adaptive_gripper_description' build argument 'ament_cmake_args' from command line to 'None'
[0.463s] Level 5:colcon.colcon_core.verb:set package 'adaptive_gripper_description' build argument 'catkin_cmake_args' from command line to 'None'
[0.463s] Level 5:colcon.colcon_core.verb:set package 'adaptive_gripper_description' build argument 'catkin_skip_building_tests' from command line to 'False'
[0.463s] DEBUG:colcon.colcon_core.verb:Building package 'adaptive_gripper_description' with the following arguments: {'ament_cmake_args': None, 'build_base': '/home/nisharu/ros2_ws/build/adaptive_gripper_description', 'catkin_cmake_args': None, 'catkin_skip_building_tests': False, 'cmake_args': None, 'cmake_clean_cache': False, 'cmake_clean_first': False, 'cmake_force_configure': False, 'cmake_target': None, 'cmake_target_skip_unavailable': False, 'install_base': '/home/nisharu/ros2_ws/install/adaptive_gripper_description', 'merge_install': False, 'path': '/home/nisharu/ros2_ws/src/adaptive_gripper_description', 'symlink_install': False, 'test_result_base': None}
[0.463s] INFO:colcon.colcon_core.executor:Executing jobs using 'parallel' executor
[0.463s] DEBUG:colcon.colcon_parallel_executor.executor.parallel:run_until_complete
[0.464s] INFO:colcon.colcon_ros.task.ament_cmake.build:Building ROS package in '/home/nisharu/ros2_ws/src/adaptive_gripper_description' with build type 'ament_cmake'
[0.464s] INFO:colcon.colcon_cmake.task.cmake.build:Building CMake package in '/home/nisharu/ros2_ws/src/adaptive_gripper_description'
[0.468s] INFO:colcon.colcon_core.plugin_system:Skipping extension 'colcon_core.shell.bat': Not used on non-Windows systems
[0.468s] INFO:colcon.colcon_core.shell:Skip shell extension 'powershell' for command environment: Not usable outside of PowerShell
[0.469s] DEBUG:colcon.colcon_core.shell:Skip shell extension 'dsv' for command environment
[0.477s] DEBUG:colcon.colcon_core.event_handler.log_command:Invoking command in '/home/nisharu/ros2_ws/build/adaptive_gripper_description': CMAKE_PREFIX_PATH=${CMAKE_PREFIX_PATH}:/opt/ros/humble /usr/bin/cmake /home/nisharu/ros2_ws/src/adaptive_gripper_description -DCMAKE_INSTALL_PREFIX=/home/nisharu/ros2_ws/install/adaptive_gripper_description
[1.323s] DEBUG:colcon.colcon_core.event_handler.log_command:Invoked command in '/home/nisharu/ros2_ws/build/adaptive_gripper_description' returned '0': CMAKE_PREFIX_PATH=${CMAKE_PREFIX_PATH}:/opt/ros/humble /usr/bin/cmake /home/nisharu/ros2_ws/src/adaptive_gripper_description -DCMAKE_INSTALL_PREFIX=/home/nisharu/ros2_ws/install/adaptive_gripper_description
[1.324s] DEBUG:colcon.colcon_core.event_handler.log_command:Invoking command in '/home/nisharu/ros2_ws/build/adaptive_gripper_description': CMAKE_PREFIX_PATH=${CMAKE_PREFIX_PATH}:/opt/ros/humble /usr/bin/cmake --build /home/nisharu/ros2_ws/build/adaptive_gripper_description -- -j12 -l12
[1.370s] DEBUG:colcon.colcon_core.event_handler.log_command:Invoked command in '/home/nisharu/ros2_ws/build/adaptive_gripper_description' returned '0': CMAKE_PREFIX_PATH=${CMAKE_PREFIX_PATH}:/opt/ros/humble /usr/bin/cmake --build /home/nisharu/ros2_ws/build/adaptive_gripper_description -- -j12 -l12
[1.381s] DEBUG:colcon.colcon_core.event_handler.log_command:Invoking command in '/home/nisharu/ros2_ws/build/adaptive_gripper_description': CMAKE_PREFIX_PATH=${CMAKE_PREFIX_PATH}:/opt/ros/humble /usr/bin/cmake --install /home/nisharu/ros2_ws/build/adaptive_gripper_description
[1.395s] Level 1:colcon.colcon_core.environment:create_environment_scripts_only(adaptive_gripper_description)
[1.396s] DEBUG:colcon.colcon_core.event_handler.log_command:Invoked command in '/home/nisharu/ros2_ws/build/adaptive_gripper_description' returned '0': CMAKE_PREFIX_PATH=${CMAKE_PREFIX_PATH}:/opt/ros/humble /usr/bin/cmake --install /home/nisharu/ros2_ws/build/adaptive_gripper_description
[1.401s] Level 1:colcon.colcon_core.environment:checking '/home/nisharu/ros2_ws/install/adaptive_gripper_description' for CMake module files
[1.401s] Level 1:colcon.colcon_core.environment:checking '/home/nisharu/ros2_ws/install/adaptive_gripper_description' for CMake config files
[1.402s] Level 1:colcon.colcon_core.shell:create_environment_hook('adaptive_gripper_description', 'cmake_prefix_path')
[1.402s] INFO:colcon.colcon_core.shell:Creating environment hook '/home/nisharu/ros2_ws/install/adaptive_gripper_description/share/adaptive_gripper_description/hook/cmake_prefix_path.ps1'
[1.402s] INFO:colcon.colcon_core.shell:Creating environment descriptor '/home/nisharu/ros2_ws/install/adaptive_gripper_description/share/adaptive_gripper_description/hook/cmake_prefix_path.dsv'
[1.403s] INFO:colcon.colcon_core.shell:Creating environment hook '/home/nisharu/ros2_ws/install/adaptive_gripper_description/share/adaptive_gripper_description/hook/cmake_prefix_path.sh'
[1.404s] Level 1:colcon.colcon_core.environment:checking '/home/nisharu/ros2_ws/install/adaptive_gripper_description/bin'
[1.404s] Level 1:colcon.colcon_core.environment:checking '/home/nisharu/ros2_ws/install/adaptive_gripper_description/lib/pkgconfig/adaptive_gripper_description.pc'
[1.404s] Level 1:colcon.colcon_core.environment:checking '/home/nisharu/ros2_ws/install/adaptive_gripper_description/lib/python3.10/site-packages'
[1.404s] Level 1:colcon.colcon_core.environment:checking '/home/nisharu/ros2_ws/install/adaptive_gripper_description/bin'
[1.404s] INFO:colcon.colcon_core.shell:Creating package script '/home/nisharu/ros2_ws/install/adaptive_gripper_description/share/adaptive_gripper_description/package.ps1'
[1.405s] INFO:colcon.colcon_core.shell:Creating package descriptor '/home/nisharu/ros2_ws/install/adaptive_gripper_description/share/adaptive_gripper_description/package.dsv'
[1.406s] INFO:colcon.colcon_core.shell:Creating package script '/home/nisharu/ros2_ws/install/adaptive_gripper_description/share/adaptive_gripper_description/package.sh'
[1.406s] INFO:colcon.colcon_core.shell:Creating package script '/home/nisharu/ros2_ws/install/adaptive_gripper_description/share/adaptive_gripper_description/package.bash'
[1.407s] INFO:colcon.colcon_core.shell:Creating package script '/home/nisharu/ros2_ws/install/adaptive_gripper_description/share/adaptive_gripper_description/package.zsh'
[1.407s] Level 1:colcon.colcon_core.environment:create_file_with_runtime_dependencies(/home/nisharu/ros2_ws/install/adaptive_gripper_description/share/colcon-core/packages/adaptive_gripper_description)
[1.408s] Level 1:colcon.colcon_core.environment:create_environment_scripts_only(adaptive_gripper_description)
[1.408s] Level 1:colcon.colcon_core.environment:checking '/home/nisharu/ros2_ws/install/adaptive_gripper_description' for CMake module files
[1.408s] Level 1:colcon.colcon_core.environment:checking '/home/nisharu/ros2_ws/install/adaptive_gripper_description' for CMake config files
[1.408s] Level 1:colcon.colcon_core.shell:create_environment_hook('adaptive_gripper_description', 'cmake_prefix_path')
[1.409s] INFO:colcon.colcon_core.shell:Creating environment hook '/home/nisharu/ros2_ws/install/adaptive_gripper_description/share/adaptive_gripper_description/hook/cmake_prefix_path.ps1'
[1.409s] INFO:colcon.colcon_core.shell:Creating environment descriptor '/home/nisharu/ros2_ws/install/adaptive_gripper_description/share/adaptive_gripper_description/hook/cmake_prefix_path.dsv'
[1.409s] INFO:colcon.colcon_core.shell:Creating environment hook '/home/nisharu/ros2_ws/install/adaptive_gripper_description/share/adaptive_gripper_description/hook/cmake_prefix_path.sh'
[1.410s] Level 1:colcon.colcon_core.environment:checking '/home/nisharu/ros2_ws/install/adaptive_gripper_description/bin'
[1.410s] Level 1:colcon.colcon_core.environment:checking '/home/nisharu/ros2_ws/install/adaptive_gripper_description/lib/pkgconfig/adaptive_gripper_description.pc'
[1.410s] Level 1:colcon.colcon_core.environment:checking '/home/nisharu/ros2_ws/install/adaptive_gripper_description/lib/python3.10/site-packages'
[1.410s] Level 1:colcon.colcon_core.environment:checking '/home/nisharu/ros2_ws/install/adaptive_gripper_description/bin'
[1.410s] INFO:colcon.colcon_core.shell:Creating package script '/home/nisharu/ros2_ws/install/adaptive_gripper_description/share/adaptive_gripper_description/package.ps1'
[1.411s] INFO:colcon.colcon_core.shell:Creating package descriptor '/home/nisharu/ros2_ws/install/adaptive_gripper_description/share/adaptive_gripper_description/package.dsv'
[1.411s] INFO:colcon.colcon_core.shell:Creating package script '/home/nisharu/ros2_ws/install/adaptive_gripper_description/share/adaptive_gripper_description/package.sh'
[1.411s] INFO:colcon.colcon_core.shell:Creating package script '/home/nisharu/ros2_ws/install/adaptive_gripper_description/share/adaptive_gripper_description/package.bash'
[1.411s] INFO:colcon.colcon_core.shell:Creating package script '/home/nisharu/ros2_ws/install/adaptive_gripper_description/share/adaptive_gripper_description/package.zsh'
[1.412s] Level 1:colcon.colcon_core.environment:create_file_with_runtime_dependencies(/home/nisharu/ros2_ws/install/adaptive_gripper_description/share/colcon-core/packages/adaptive_gripper_description)
[1.412s] DEBUG:colcon.colcon_parallel_executor.executor.parallel:closing loop
[1.413s] DEBUG:colcon.colcon_parallel_executor.executor.parallel:loop closed
[1.413s] DEBUG:colcon.colcon_parallel_executor.executor.parallel:run_until_complete finished with '0'
[1.413s] DEBUG:colcon.colcon_core.event_reactor:joining thread
[1.421s] INFO:colcon.colcon_core.plugin_system:Skipping extension 'colcon_notification.desktop_notification.terminal_notifier': Not used on non-Darwin systems
[1.421s] INFO:colcon.colcon_core.plugin_system:Skipping extension 'colcon_notification.desktop_notification.win32': Not used on non-Windows systems
[1.421s] INFO:colcon.colcon_notification.desktop_notification:Sending desktop notification using 'notify2'
[1.421s] DEBUG:colcon.colcon_notification.desktop_notification.notify2:Failed to initialize notify2: org.freedesktop.DBus.Error.AccessDenied: Failed to connect to socket /run/user/1000/bus: Operation not permitted
[1.421s] DEBUG:colcon.colcon_core.event_reactor:joined thread
[1.422s] INFO:colcon.colcon_core.shell:Creating prefix script '/home/nisharu/ros2_ws/install/local_setup.ps1'
[1.423s] INFO:colcon.colcon_core.shell:Creating prefix util module '/home/nisharu/ros2_ws/install/_local_setup_util_ps1.py'
[1.425s] INFO:colcon.colcon_core.shell:Creating prefix chain script '/home/nisharu/ros2_ws/install/setup.ps1'
[1.426s] INFO:colcon.colcon_core.shell:Creating prefix script '/home/nisharu/ros2_ws/install/local_setup.sh'
[1.427s] INFO:colcon.colcon_core.shell:Creating prefix util module '/home/nisharu/ros2_ws/install/_local_setup_util_sh.py'
[1.427s] INFO:colcon.colcon_core.shell:Creating prefix chain script '/home/nisharu/ros2_ws/install/setup.sh'
[1.429s] INFO:colcon.colcon_core.shell:Creating prefix script '/home/nisharu/ros2_ws/install/local_setup.bash'
[1.429s] INFO:colcon.colcon_core.shell:Creating prefix chain script '/home/nisharu/ros2_ws/install/setup.bash'
[1.431s] INFO:colcon.colcon_core.shell:Creating prefix script '/home/nisharu/ros2_ws/install/local_setup.zsh'
[1.432s] INFO:colcon.colcon_core.shell:Creating prefix chain script '/home/nisharu/ros2_ws/install/setup.zsh'
