[0.617s] Invoking command in '/home/nisharu/ros2_ws/src/robotic_control': PYTHONPATH=/home/nisharu/ros2_ws/build/robotic_control/prefix_override:/usr/lib/python3/dist-packages/colcon_core/task/python/colcon_distutils_commands:/home/nisharu/ros2_ws/install/robotic_control/lib/python3.10/site-packages:${PYTHONPATH} /usr/bin/python3 -W ignore:setup.py install is deprecated -W ignore:easy_install command is deprecated setup.py egg_info --egg-base ../../build/robotic_control build --build-base /home/nisharu/ros2_ws/build/robotic_control/build install --record /home/nisharu/ros2_ws/build/robotic_control/install.log --single-version-externally-managed install_data
[0.803s] running egg_info
[0.804s] writing ../../build/robotic_control/robotic_control.egg-info/PKG-INFO
[0.804s] writing dependency_links to ../../build/robotic_control/robotic_control.egg-info/dependency_links.txt
[0.804s] writing entry points to ../../build/robotic_control/robotic_control.egg-info/entry_points.txt
[0.804s] writing requirements to ../../build/robotic_control/robotic_control.egg-info/requires.txt
[0.804s] writing top-level names to ../../build/robotic_control/robotic_control.egg-info/top_level.txt
[0.806s] reading manifest file '../../build/robotic_control/robotic_control.egg-info/SOURCES.txt'
[0.806s] writing manifest file '../../build/robotic_control/robotic_control.egg-info/SOURCES.txt'
[0.807s] running build
[0.807s] running build_py
[0.807s] running install
[0.807s] running install_lib
[0.808s] running install_data
[0.809s] running install_egg_info
[0.810s] removing '/home/nisharu/ros2_ws/install/robotic_control/lib/python3.10/site-packages/robotic_control-0.0.0-py3.10.egg-info' (and everything under it)
[0.811s] Copying ../../build/robotic_control/robotic_control.egg-info to /home/nisharu/ros2_ws/install/robotic_control/lib/python3.10/site-packages/robotic_control-0.0.0-py3.10.egg-info
[0.811s] running install_scripts
[0.829s] Installing adaptive_grip_controller script to /home/nisharu/ros2_ws/install/robotic_control/lib/robotic_control
[0.829s] Installing data_exporter script to /home/nisharu/ros2_ws/install/robotic_control/lib/robotic_control
[0.829s] Installing fake_sensor_publisher script to /home/nisharu/ros2_ws/install/robotic_control/lib/robotic_control
[0.829s] Installing fsr_gazebo_sync script to /home/nisharu/ros2_ws/install/robotic_control/lib/robotic_control
[0.829s] Installing fsr_serial_bridge script to /home/nisharu/ros2_ws/install/robotic_control/lib/robotic_control
[0.829s] Installing gazebo_contact_bridge script to /home/nisharu/ros2_ws/install/robotic_control/lib/robotic_control
[0.829s] Installing gripper_monitor script to /home/nisharu/ros2_ws/install/robotic_control/lib/robotic_control
[0.830s] writing list of installed files to '/home/nisharu/ros2_ws/build/robotic_control/install.log'
[0.861s] Invoked command in '/home/nisharu/ros2_ws/src/robotic_control' returned '0': PYTHONPATH=/home/nisharu/ros2_ws/build/robotic_control/prefix_override:/usr/lib/python3/dist-packages/colcon_core/task/python/colcon_distutils_commands:/home/nisharu/ros2_ws/install/robotic_control/lib/python3.10/site-packages:${PYTHONPATH} /usr/bin/python3 -W ignore:setup.py install is deprecated -W ignore:easy_install command is deprecated setup.py egg_info --egg-base ../../build/robotic_control build --build-base /home/nisharu/ros2_ws/build/robotic_control/build install --record /home/nisharu/ros2_ws/build/robotic_control/install.log --single-version-externally-managed install_data
