-- Install configuration: ""
-- Up-to-date: /home/nisharu/ros2_ws/install/adaptive_gripper_description/share/adaptive_gripper_description/config
-- Up-to-date: /home/nisharu/ros2_ws/install/adaptive_gripper_description/share/adaptive_gripper_description/config/joint_limits.yaml
-- Up-to-date: /home/nisharu/ros2_ws/install/adaptive_gripper_description/share/adaptive_gripper_description/launch
-- Up-to-date: /home/nisharu/ros2_ws/install/adaptive_gripper_description/share/adaptive_gripper_description/launch/display.launch.py
-- Up-to-date: /home/nisharu/ros2_ws/install/adaptive_gripper_description/share/adaptive_gripper_description/meshes
-- Up-to-date: /home/nisharu/ros2_ws/install/adaptive_gripper_description/share/adaptive_gripper_description/meshes/collision
-- Up-to-date: /home/nisharu/ros2_ws/install/adaptive_gripper_description/share/adaptive_gripper_description/meshes/collision/.gitkeep
-- Up-to-date: /home/nisharu/ros2_ws/install/adaptive_gripper_description/share/adaptive_gripper_description/meshes/visual
-- Up-to-date: /home/nisharu/ros2_ws/install/adaptive_gripper_description/share/adaptive_gripper_description/meshes/visual/.gitkeep
-- Up-to-date: /home/nisharu/ros2_ws/install/adaptive_gripper_description/share/adaptive_gripper_description/urdf
-- Up-to-date: /home/nisharu/ros2_ws/install/adaptive_gripper_description/share/adaptive_gripper_description/urdf/adaptive_gripper_arm.urdf
-- Up-to-date: /home/nisharu/ros2_ws/install/adaptive_gripper_description/share/ament_index/resource_index/package_run_dependencies/adaptive_gripper_description
-- Up-to-date: /home/nisharu/ros2_ws/install/adaptive_gripper_description/share/ament_index/resource_index/parent_prefix_path/adaptive_gripper_description
-- Up-to-date: /home/nisharu/ros2_ws/install/adaptive_gripper_description/share/adaptive_gripper_description/environment/ament_prefix_path.sh
-- Up-to-date: /home/nisharu/ros2_ws/install/adaptive_gripper_description/share/adaptive_gripper_description/environment/ament_prefix_path.dsv
-- Up-to-date: /home/nisharu/ros2_ws/install/adaptive_gripper_description/share/adaptive_gripper_description/environment/path.sh
-- Up-to-date: /home/nisharu/ros2_ws/install/adaptive_gripper_description/share/adaptive_gripper_description/environment/path.dsv
-- Up-to-date: /home/nisharu/ros2_ws/install/adaptive_gripper_description/share/adaptive_gripper_description/local_setup.bash
-- Up-to-date: /home/nisharu/ros2_ws/install/adaptive_gripper_description/share/adaptive_gripper_description/local_setup.sh
-- Up-to-date: /home/nisharu/ros2_ws/install/adaptive_gripper_description/share/adaptive_gripper_description/local_setup.zsh
-- Up-to-date: /home/nisharu/ros2_ws/install/adaptive_gripper_description/share/adaptive_gripper_description/local_setup.dsv
-- Up-to-date: /home/nisharu/ros2_ws/install/adaptive_gripper_description/share/adaptive_gripper_description/package.dsv
-- Up-to-date: /home/nisharu/ros2_ws/install/adaptive_gripper_description/share/ament_index/resource_index/packages/adaptive_gripper_description
-- Up-to-date: /home/nisharu/ros2_ws/install/adaptive_gripper_description/share/adaptive_gripper_description/cmake/adaptive_gripper_descriptionConfig.cmake
-- Up-to-date: /home/nisharu/ros2_ws/install/adaptive_gripper_description/share/adaptive_gripper_description/cmake/adaptive_gripper_descriptionConfig-version.cmake
-- Up-to-date: /home/nisharu/ros2_ws/install/adaptive_gripper_description/share/adaptive_gripper_description/package.xml
