-- Install configuration: ""
-- Up-to-date: /home/nisharu/ros2_ws/install/robotic_description/share/robotic_description/launch
-- Up-to-date: /home/nisharu/ros2_ws/install/robotic_description/share/robotic_description/launch/gazebo.launch.py
-- Up-to-date: /home/nisharu/ros2_ws/install/robotic_description/share/robotic_description/launch/display.launch.py
-- Up-to-date: /home/nisharu/ros2_ws/install/robotic_description/share/robotic_description/urdf
-- Up-to-date: /home/nisharu/ros2_ws/install/robotic_description/share/robotic_description/urdf/Robotic.gazebo
-- Up-to-date: /home/nisharu/ros2_ws/install/robotic_description/share/robotic_description/urdf/Robotic.xacro
-- Installing: /home/nisharu/ros2_ws/install/robotic_description/share/robotic_description/urdf/Robotic.trans
-- Installing: /home/nisharu/ros2_ws/install/robotic_description/share/robotic_description/urdf/robotic_arm.urdf
-- Up-to-date: /home/nisharu/ros2_ws/install/robotic_description/share/robotic_description/urdf/materials.xacro
-- Up-to-date: /home/nisharu/ros2_ws/install/robotic_description/share/robotic_description/meshes
-- Up-to-date: /home/nisharu/ros2_ws/install/robotic_description/share/robotic_description/meshes/Motor_Micro_9g_1_1_1 (1).stl
-- Up-to-date: /home/nisharu/ros2_ws/install/robotic_description/share/robotic_description/meshes/Gripper 1_r1.stl
-- Up-to-date: /home/nisharu/ros2_ws/install/robotic_description/share/robotic_description/meshes/Servo Motor MG996R.stl
-- Up-to-date: /home/nisharu/ros2_ws/install/robotic_description/share/robotic_description/meshes/wrist_link.stl
-- Up-to-date: /home/nisharu/ros2_ws/install/robotic_description/share/robotic_description/meshes/Motor_Micro_9g_1 (3).stl
-- Up-to-date: /home/nisharu/ros2_ws/install/robotic_description/share/robotic_description/meshes/shoulder_link.stl
-- Up-to-date: /home/nisharu/ros2_ws/install/robotic_description/share/robotic_description/meshes/upper_arm_link.stl
-- Up-to-date: /home/nisharu/ros2_ws/install/robotic_description/share/robotic_description/meshes/Motor_Micro_9g_1__2__1.stl
-- Up-to-date: /home/nisharu/ros2_ws/install/robotic_description/share/robotic_description/meshes/Motor_Micro_9g_1_1__1__1.stl
-- Up-to-date: /home/nisharu/ros2_ws/install/robotic_description/share/robotic_description/meshes/Gripper base_r1.stl
-- Up-to-date: /home/nisharu/ros2_ws/install/robotic_description/share/robotic_description/meshes/grip link 1_r1.stl
-- Up-to-date: /home/nisharu/ros2_ws/install/robotic_description/share/robotic_description/meshes/Gripper Assembly_r1.f3d .stl
-- Up-to-date: /home/nisharu/ros2_ws/install/robotic_description/share/robotic_description/meshes/Motor_Micro_9g_1_1_1_1.stl
-- Up-to-date: /home/nisharu/ros2_ws/install/robotic_description/share/robotic_description/meshes/base_link (1).stl
-- Up-to-date: /home/nisharu/ros2_ws/install/robotic_description/share/robotic_description/meshes/gear1_r1.stl
-- Up-to-date: /home/nisharu/ros2_ws/install/robotic_description/share/robotic_description/meshes/Motor_Micro_9g_1__1__1 (1).stl
-- Up-to-date: /home/nisharu/ros2_ws/install/robotic_description/share/robotic_description/meshes/Servo Motor Micro  9g.stl
-- Up-to-date: /home/nisharu/ros2_ws/install/robotic_description/share/robotic_description/meshes/Motor_Micro_9g_1__1__1_1.stl
-- Up-to-date: /home/nisharu/ros2_ws/install/robotic_description/share/robotic_description/meshes/Motor_Micro_9g_1_1 (2).stl
-- Up-to-date: /home/nisharu/ros2_ws/install/robotic_description/share/robotic_description/meshes/forearm_link.stl
-- Up-to-date: /home/nisharu/ros2_ws/install/robotic_description/share/robotic_description/meshes/Motor Micro 9g.stl
-- Up-to-date: /home/nisharu/ros2_ws/install/robotic_description/share/robotic_description/meshes/gear2_r1.stl
-- Up-to-date: /home/nisharu/ros2_ws/install/robotic_description/share/ament_index/resource_index/package_run_dependencies/robotic_description
-- Up-to-date: /home/nisharu/ros2_ws/install/robotic_description/share/ament_index/resource_index/parent_prefix_path/robotic_description
-- Up-to-date: /home/nisharu/ros2_ws/install/robotic_description/share/robotic_description/environment/ament_prefix_path.sh
-- Up-to-date: /home/nisharu/ros2_ws/install/robotic_description/share/robotic_description/environment/ament_prefix_path.dsv
-- Up-to-date: /home/nisharu/ros2_ws/install/robotic_description/share/robotic_description/environment/path.sh
-- Up-to-date: /home/nisharu/ros2_ws/install/robotic_description/share/robotic_description/environment/path.dsv
-- Up-to-date: /home/nisharu/ros2_ws/install/robotic_description/share/robotic_description/local_setup.bash
-- Up-to-date: /home/nisharu/ros2_ws/install/robotic_description/share/robotic_description/local_setup.sh
-- Up-to-date: /home/nisharu/ros2_ws/install/robotic_description/share/robotic_description/local_setup.zsh
-- Up-to-date: /home/nisharu/ros2_ws/install/robotic_description/share/robotic_description/local_setup.dsv
-- Installing: /home/nisharu/ros2_ws/install/robotic_description/share/robotic_description/package.dsv
-- Up-to-date: /home/nisharu/ros2_ws/install/robotic_description/share/ament_index/resource_index/packages/robotic_description
-- Up-to-date: /home/nisharu/ros2_ws/install/robotic_description/share/robotic_description/cmake/robotic_descriptionConfig.cmake
-- Up-to-date: /home/nisharu/ros2_ws/install/robotic_description/share/robotic_description/cmake/robotic_descriptionConfig-version.cmake
-- Up-to-date: /home/nisharu/ros2_ws/install/robotic_description/share/robotic_description/package.xml
